
Showing logs for build [32mjstrachan-nodey412-pr-3-pr-buil-976m9-1[0m stage [32mfrom-build-pack[0m and container [32mstep-credential-initializer-z7fkt[0m
{"level":"warn","ts":1580880680.264785,"logger":"fallback-logger","caller":"logging/config.go:69","msg":"Fetch GitHub commit ID from kodata failed: \"ref: refs/heads/0.8.0-**-support-backwards-incompats\" is not a valid GitHub commit ID"}
{"level":"info","ts":1580880680.2652097,"logger":"fallback-logger","caller":"creds-init/main.go:40","msg":"Credentials initialized."}

Showing logs for build [32mjstrachan-nodey412-pr-3-pr-buil-976m9-1[0m stage [32mfrom-build-pack[0m and container [32mstep-working-dir-initializer-6sr8n[0m
{"level":"warn","ts":1580880681.7383728,"logger":"fallback-logger","caller":"logging/config.go:69","msg":"Fetch GitHub commit ID from kodata failed: open /var/run/ko/HEAD: no such file or directory"}
{"level":"info","ts":1580880681.7395139,"logger":"fallback-logger","caller":"bash/main.go:64","msg":"Successfully executed command \"sh -c mkdir -p /workspace/source\"; output "}

Showing logs for build [32mjstrachan-nodey412-pr-3-pr-buil-976m9-1[0m stage [32mfrom-build-pack[0m and container [32mstep-place-tools[0m

Showing logs for build [32mjstrachan-nodey412-pr-3-pr-buil-976m9-1[0m stage [32mfrom-build-pack[0m and container [32mstep-git-source-jstrachan-nodey412-pr-3-pr-buil-976m9-gfqjz[0m
{"level":"warn","ts":1580880688.8964262,"logger":"fallback-logger","caller":"logging/config.go:69","msg":"Fetch GitHub commit ID from kodata failed: \"ref: refs/heads/0.8.0-**-support-backwards-incompats\" is not a valid GitHub commit ID"}
{"level":"info","ts":1580880690.0388744,"logger":"fallback-logger","caller":"git/git.go:103","msg":"Successfully cloned https://github.com/*********/nodey412.git @ master in path /workspace/source"}

Showing logs for build [32mjstrachan-nodey412-pr-3-pr-buil-976m9-1[0m stage [32mfrom-build-pack[0m and container [32mstep-git-merge[0m
Using SHAs from PULL_REFS=master:d2a5c0958054d39ee6598d096b9cdfbc0f3fd8ff,3:151d4bcb17013e343957c9426b1739afee11d03a
DEBUG: LC_ALL=C JX_LOG_LEVEL=error git fetch origin --unshallow 151d4bcb17013e343957c9426b1739afee11d03a: d2a5c0958054d39ee6598d096b9cdfbc0f3fd8ff:
DEBUG: ran git fetch --unshallow origin 151d4bcb17013e343957c9426b1739afee11d03a: d2a5c0958054d39ee6598d096b9cdfbc0f3fd8ff: in 
DEBUG: LC_ALL=C JX_LOG_LEVEL=error git branch
DEBUG: LC_ALL=C JX_LOG_LEVEL=error git checkout master
DEBUG: ran git checkout master in 
DEBUG: LC_ALL=C JX_LOG_LEVEL=error git reset --hard d2a5c0958054d39ee6598d096b9cdfbc0f3fd8ff
DEBUG: ran git reset --hard d2a5c0958054d39ee6598d096b9cdfbc0f3fd8ff in 
DEBUG: LC_ALL=C JX_LOG_LEVEL=error git clean -fd .
DEBUG: ran clean --force -d . in 
DEBUG: LC_ALL=C JX_LOG_LEVEL=error git merge 151d4bcb17013e343957c9426b1739afee11d03a
DEBUG: ran git merge 151d4bcb17013e343957c9426b1739afee11d03a in 
DEBUG: LC_ALL=C JX_LOG_LEVEL=error git log --format=%H%x1f%an%x1f%ae%x1f%cn%x1f%ce%x1f%s%n%b%x1e d2a5c0958054d39ee6598d096b9cdfbc0f3fd8ff..HEAD
Merged SHA 151d4bcb17013e343957c9426b1739afee11d03a with commit message 'fix: improve homepage' into base branch master

Showing logs for build [32mjstrachan-nodey412-pr-3-pr-buil-976m9-1[0m stage [32mfrom-build-pack[0m and container [32mstep-build-npmrc[0m
Command "credential" is deprecated, it will be removed on Jun 1 2020.  This is replaced by Tekton's mounted secrets
WARNING: failed to find Secret npm-token in namespace **

Showing logs for build [32mjstrachan-nodey412-pr-3-pr-buil-976m9-1[0m stage [32mfrom-build-pack[0m and container [32mstep-build-npm-install[0m
npm notice created a lockfile as package-lock.json. You should commit this file.
npm WARN REPLACE_ME@1.0.0 No repository field.
npm WARN REPLACE_ME@1.0.0 No license field.

up to date in 0.527s
found 0 vulnerabilities


Showing logs for build [32mjstrachan-nodey412-pr-3-pr-buil-976m9-1[0m stage [32mfrom-build-pack[0m and container [32mstep-build-npm-test[0m

> REPLACE_ME@1.0.0 test /workspace/source
> echo "no test specified" && exit 0

no test specified

Showing logs for build [32mjstrachan-nodey412-pr-3-pr-buil-976m9-1[0m stage [32mfrom-build-pack[0m and container [32mstep-build-container-build[0m
ERROR: logging before flag.Parse: E0205 05:31:35.974961      11 metadata.go:241] Failed to unmarshal scopes: invalid character 'h' looking for beginning of value
[36mINFO[0m[0000] Downloading base image node:9-slim           
ERROR: logging before flag.Parse: E0205 05:31:35.985778      11 metadata.go:142] while reading 'google-dockercfg' metadata: http status code: 404 while fetching url http://metadata.google.internal./computeMetadata/v1/instance/attributes/google-dockercfg
ERROR: logging before flag.Parse: E0205 05:31:35.988769      11 metadata.go:159] while reading 'google-dockercfg-url' metadata: http status code: 404 while fetching url http://metadata.google.internal./computeMetadata/v1/instance/attributes/google-dockercfg-url
2020/02/05 05:31:35 No matching credentials were found, falling back on anonymous
[36mINFO[0m[0001] Error while retrieving image from cache: getting file info: stat /workspace/sha256:0e0175bbe4f8d9d104590d8d2c591017874e30977cb71aaff1cf6fa99479575c: no such file or directory 
[36mINFO[0m[0001] Downloading base image node:9-slim           
2020/02/05 05:31:37 No matching credentials were found, falling back on anonymous
[36mINFO[0m[0002] Executing 0 build triggers                   
[36mINFO[0m[0002] cmd: EXPOSE                                  
[36mINFO[0m[0002] Adding exposed port: 8080/tcp                
[36mINFO[0m[0002] Using files from context: [/workspace/source] 
[36mINFO[0m[0002] Skipping unpacking as no commands require it. 
[36mINFO[0m[0002] Taking snapshot of full filesystem...        
[36mINFO[0m[0002] ENV PORT 8080                                
[36mINFO[0m[0002] No files changed in this command, skipping snapshotting. 
[36mINFO[0m[0002] EXPOSE 8080                                  
[36mINFO[0m[0002] cmd: EXPOSE                                  
[36mINFO[0m[0002] Adding exposed port: 8080/tcp                
[36mINFO[0m[0002] No files changed in this command, skipping snapshotting. 
[36mINFO[0m[0002] WORKDIR /usr/src/app                         
[36mINFO[0m[0002] cmd: workdir                                 
[36mINFO[0m[0002] Changed working directory to /usr/src/app    
[36mINFO[0m[0002] Creating directory /usr/src/app              
[36mINFO[0m[0002] Taking snapshot of files...                  
[36mINFO[0m[0002] Using files from context: [/workspace/source] 
[36mINFO[0m[0002] COPY . .                                     
[36mINFO[0m[0002] Taking snapshot of files...                  
[36mINFO[0m[0002] CMD ["npm", "start"]                         
[36mINFO[0m[0002] No files changed in this command, skipping snapshotting. 
2020/02/05 05:31:38 existing blob: sha256:196b8e3c919d5639193ba6c6e54774528942041bbc37606631a2250502985c3c
2020/02/05 05:31:38 existing blob: sha256:5bba3ecb4cd6374a19da45f2a3db0a9c0804984358b3bb4b666c28944016e5ff
2020/02/05 05:31:38 existing blob: sha256:a88538b9cd05cfa611e43a25582a95ad7879f6fa708b0386a26b71ee62235bb3
2020/02/05 05:31:38 existing blob: sha256:e01bd28a434b56ffd2a3fe9aa99b9b69aecca69904843edd30b1ee7150d79904
2020/02/05 05:31:38 existing blob: sha256:7d083412657baa2dafba8d093034ef26f9ed2c90fb6ed95f76bb55aff03ed429
2020/02/05 05:31:41 pushed blob: sha256:82d7761a5893f7eb9f7a73b86cb9dbfc6e9b1c4b4093334d9fb01b941a4daeb8
2020/02/05 05:31:41 pushed blob: sha256:c0687ac98b98b0db46686c5b18bd18c98f49f81a598489a7440a197ae80d8e1f
2020/02/05 05:31:41 pushed blob: sha256:7970946232e367af7ad9529da7cebf220966e3dfd703e391c7ef80913e69d8bf
2020/02/05 05:31:43 gcr.io/*********-multicluster/nodey412:0.0.0-SNAPSHOT-PR-3-1: digest: sha256:3f229e12618ace0d452d724eeb24af567b351118bd18db0b9008b15e9bd0f84c size: 1404

Showing logs for build [32mjstrachan-nodey412-pr-3-pr-buil-976m9-1[0m stage [32mfrom-build-pack[0m and container [32mstep-postbuild-post-build[0m
no CVE provider running in the current ** namespace so skip adding image to be analysed

Showing logs for build [32mjstrachan-nodey412-pr-3-pr-buil-976m9-1[0m stage [32mfrom-build-pack[0m and container [32mstep-promote-make-preview[0m
sed -i -e "s/version:.*/version: 0.0.0-SNAPSHOT-PR-3-1/" Chart.yaml
sed -i -e "s/version:.*/version: 0.0.0-SNAPSHOT-PR-3-1/" ../*/Chart.yaml
sed -i -e "s|repository:.*|repository: \/*********-multicluster\/nodey412|" values.yaml
sed -i -e "s/tag:.*/tag: 0.0.0-SNAPSHOT-PR-3-1/" values.yaml
echo "  version: 0.0.0-SNAPSHOT-PR-3-1" >> requirements.yaml
** step helm build
WARNING: No $CHART_REPOSITORY defined so using the default value of: http://jenkins-x-chartmuseum:8080
Adding missing Helm repo: storage.googleapis.com https://storage.googleapis.com/chartmuseum.jenkins-x.io
Successfully added Helm repository storage.googleapis.com.
Adding missing Helm repo: jenkins-x-chartmuseum http://jenkins-x-chartmuseum:8080
Successfully added Helm repository jenkins-x-chartmuseum.
WARNING: No $CHART_REPOSITORY defined so using the default value of: http://jenkins-x-chartmuseum:8080
Adding missing Helm repo: chartmuseum.jenkins-x.io http://chartmuseum.jenkins-x.io
Successfully added Helm repository chartmuseum.jenkins-x.io.

Showing logs for build [32mjstrachan-nodey412-pr-3-pr-buil-976m9-1[0m stage [32mfrom-build-pack[0m and container [32mstep-promote-jx-preview[0m
Creating a preview
Found commit author match for: ********* with email address: james.strachan@gmail.com
Created environment *********-nodey412-pr-3
Namespace **-*********-nodey412-pr-3 created 
expose:
  Annotations:
    helm.sh/hook: post-install,post-upgrade
    helm.sh/hook-delete-policy: hook-succeeded
  config:
    domain: 35.241.156.77.nip.io
    exposer: Ingress
    http: "true"
preview:
  image:
    repository: gcr.io/*********-multicluster/nodey412
    tag: 0.0.0-SNAPSHOT-PR-3-1

Updating PipelineActivities *********-nodey412-pr-3-1 which has status Running
WARNING: preview application http://nodey412.**-*********-nodey412-pr-3.35.241.156.77.nip.io not available, error was 503 503 Service Temporarily Unavailable, delaying for: 818.058174ms
WARNING: preview application http://nodey412.**-*********-nodey412-pr-3.35.241.156.77.nip.io not available, error was 503 503 Service Temporarily Unavailable, delaying for: 1.189652786s
WARNING: preview application http://nodey412.**-*********-nodey412-pr-3.35.241.156.77.nip.io not available, error was 503 503 Service Temporarily Unavailable, delaying for: 1.582170472s
WARNING: preview application http://nodey412.**-*********-nodey412-pr-3.35.241.156.77.nip.io not available, error was 503 503 Service Temporarily Unavailable, delaying for: 4.598408602s
WARNING: preview application http://nodey412.**-*********-nodey412-pr-3.35.241.156.77.nip.io not available, error was 503 503 Service Temporarily Unavailable, delaying for: 6.341150993s
WARNING: preview application http://nodey412.**-*********-nodey412-pr-3.35.241.156.77.nip.io not available, error was 503 503 Service Temporarily Unavailable, delaying for: 9.087586165s
WARNING: preview application http://nodey412.**-*********-nodey412-pr-3.35.241.156.77.nip.io not available, error was 503 503 Service Temporarily Unavailable, delaying for: 7.498770538s
WARNING: preview application http://nodey412.**-*********-nodey412-pr-3.35.241.156.77.nip.io not available, error was 503 503 Service Temporarily Unavailable, delaying for: 9.900508393s
WARNING: preview application http://nodey412.**-*********-nodey412-pr-3.35.241.156.77.nip.io not available, error was 503 503 Service Temporarily Unavailable, delaying for: 30.550286397s
WARNING: preview application http://nodey412.**-*********-nodey412-pr-3.35.241.156.77.nip.io not available, error was 503 503 Service Temporarily Unavailable, delaying for: 40.023375871s
WARNING: preview application http://nodey412.**-*********-nodey412-pr-3.35.241.156.77.nip.io not available, error was 503 503 Service Temporarily Unavailable, delaying for: 53.233607764s
WARNING: preview application http://nodey412.**-*********-nodey412-pr-3.35.241.156.77.nip.io not available, error was 503 503 Service Temporarily Unavailable, delaying for: 46.924859698s
WARNING: preview application http://nodey412.**-*********-nodey412-pr-3.35.241.156.77.nip.io not available, error was 503 503 Service Temporarily Unavailable, delaying for: 1m22.832587365s
WARNING: preview application http://nodey412.**-*********-nodey412-pr-3.35.241.156.77.nip.io not available, error was 503 503 Service Temporarily Unavailable, delaying for: 35.847277104s
error: error checking if preview application http://nodey412.**-*********-nodey412-pr-3.35.241.156.77.nip.io is available: preview application http://nodey412.**-*********-nodey412-pr-3.35.241.156.77.nip.io not available, error was 503 503 Service Temporarily Unavailable
[31m
Pipeline failed on stage 'from-build-pack' : container 'step-promote-jx-preview'. The execution of the pipeline has stopped.[0m
