
Showing logs for build [32mjstrachan-nodey412-master-fj44v-1[0m stage [32mfrom-build-pack[0m and container [32mstep-credential-initializer-vng74[0m
{"level":"warn","ts":1580711889.6116815,"logger":"fallback-logger","caller":"logging/config.go:69","msg":"Fetch GitHub commit ID from kodata failed: \"ref: refs/heads/0.8.0-**-support-backwards-incompats\" is not a valid GitHub commit ID"}
{"level":"info","ts":1580711889.612212,"logger":"fallback-logger","caller":"creds-init/main.go:40","msg":"Credentials initialized."}

Showing logs for build [32mjstrachan-nodey412-master-fj44v-1[0m stage [32mfrom-build-pack[0m and container [32mstep-working-dir-initializer-zz6ks[0m
{"level":"warn","ts":1580711890.0474591,"logger":"fallback-logger","caller":"logging/config.go:69","msg":"Fetch GitHub commit ID from kodata failed: open /var/run/ko/HEAD: no such file or directory"}
{"level":"info","ts":1580711890.048577,"logger":"fallback-logger","caller":"bash/main.go:64","msg":"Successfully executed command \"sh -c mkdir -p /workspace/source\"; output "}

Showing logs for build [32mjstrachan-nodey412-master-fj44v-1[0m stage [32mfrom-build-pack[0m and container [32mstep-place-tools[0m

Showing logs for build [32mjstrachan-nodey412-master-fj44v-1[0m stage [32mfrom-build-pack[0m and container [32mstep-git-source-jstrachan-nodey412-master-fj44v-f87jt[0m
{"level":"warn","ts":1580711927.167695,"logger":"fallback-logger","caller":"logging/config.go:69","msg":"Fetch GitHub commit ID from kodata failed: \"ref: refs/heads/0.8.0-**-support-backwards-incompats\" is not a valid GitHub commit ID"}
{"level":"info","ts":1580711928.245218,"logger":"fallback-logger","caller":"git/git.go:103","msg":"Successfully cloned https://github.com/*********/nodey412.git @ v0.0.3 in path /workspace/source"}

Showing logs for build [32mjstrachan-nodey412-master-fj44v-1[0m stage [32mfrom-build-pack[0m and container [32mstep-git-merge[0m
Using SHAs from PULL_REFS=master:
WARNING: no SHAs to merge, falling back to initial cloned commit

Showing logs for build [32mjstrachan-nodey412-master-fj44v-1[0m stage [32mfrom-build-pack[0m and container [32mstep-setup-jx-git-credentials[0m
Generated Git credentials file /builder/home/git/credentials

Showing logs for build [32mjstrachan-nodey412-master-fj44v-1[0m stage [32mfrom-build-pack[0m and container [32mstep-build-npmrc[0m
Command "credential" is deprecated, it will be removed on Jun 1 2020.  This is replaced by Tekton's mounted secrets
WARNING: failed to find Secret npm-token in namespace **

Showing logs for build [32mjstrachan-nodey412-master-fj44v-1[0m stage [32mfrom-build-pack[0m and container [32mstep-build-npm-install[0m
npm notice created a lockfile as package-lock.json. You should commit this file.
npm WARN REPLACE_ME@1.0.0 No repository field.
npm WARN REPLACE_ME@1.0.0 No license field.

up to date in 0.84s
found 0 vulnerabilities


Showing logs for build [32mjstrachan-nodey412-master-fj44v-1[0m stage [32mfrom-build-pack[0m and container [32mstep-build-npm-test[0m

> REPLACE_ME@1.0.0 test /workspace/source
> echo "no test specified" && exit 0

no test specified

Showing logs for build [32mjstrachan-nodey412-master-fj44v-1[0m stage [32mfrom-build-pack[0m and container [32mstep-build-container-build[0m
ERROR: logging before flag.Parse: E0203 06:39:03.469096      11 metadata.go:241] Failed to unmarshal scopes: invalid character 'h' looking for beginning of value
[36mINFO[0m[0004] Downloading base image node:9-slim           
ERROR: logging before flag.Parse: E0203 06:39:03.569081      11 metadata.go:142] while reading 'google-dockercfg' metadata: http status code: 404 while fetching url http://metadata.google.internal./computeMetadata/v1/instance/attributes/google-dockercfg
ERROR: logging before flag.Parse: E0203 06:39:03.669150      11 metadata.go:159] while reading 'google-dockercfg-url' metadata: http status code: 404 while fetching url http://metadata.google.internal./computeMetadata/v1/instance/attributes/google-dockercfg-url
2020/02/03 06:39:03 No matching credentials were found, falling back on anonymous
[36mINFO[0m[0005] Error while retrieving image from cache: getting file info: stat /workspace/sha256:0e0175bbe4f8d9d104590d8d2c591017874e30977cb71aaff1cf6fa99479575c: no such file or directory 
[36mINFO[0m[0005] Downloading base image node:9-slim           
2020/02/03 06:39:04 No matching credentials were found, falling back on anonymous
[36mINFO[0m[0006] Executing 0 build triggers                   
[36mINFO[0m[0006] cmd: EXPOSE                                  
[36mINFO[0m[0006] Adding exposed port: 8080/tcp                
[36mINFO[0m[0006] Using files from context: [/workspace/source] 
[36mINFO[0m[0006] Skipping unpacking as no commands require it. 
[36mINFO[0m[0006] Taking snapshot of full filesystem...        
[36mINFO[0m[0006] ENV PORT 8080                                
[36mINFO[0m[0006] No files changed in this command, skipping snapshotting. 
[36mINFO[0m[0006] EXPOSE 8080                                  
[36mINFO[0m[0006] cmd: EXPOSE                                  
[36mINFO[0m[0006] Adding exposed port: 8080/tcp                
[36mINFO[0m[0006] No files changed in this command, skipping snapshotting. 
[36mINFO[0m[0006] WORKDIR /usr/src/app                         
[36mINFO[0m[0006] cmd: workdir                                 
[36mINFO[0m[0006] Changed working directory to /usr/src/app    
[36mINFO[0m[0006] Creating directory /usr/src/app              
[36mINFO[0m[0006] Taking snapshot of files...                  
[36mINFO[0m[0006] Using files from context: [/workspace/source] 
[36mINFO[0m[0006] COPY . .                                     
[36mINFO[0m[0006] Taking snapshot of files...                  
[36mINFO[0m[0006] CMD ["npm", "start"]                         
[36mINFO[0m[0006] No files changed in this command, skipping snapshotting. 
2020/02/03 06:39:06 existing blob: sha256:5bba3ecb4cd6374a19da45f2a3db0a9c0804984358b3bb4b666c28944016e5ff
2020/02/03 06:39:06 existing blob: sha256:196b8e3c919d5639193ba6c6e54774528942041bbc37606631a2250502985c3c
2020/02/03 06:39:06 existing blob: sha256:e01bd28a434b56ffd2a3fe9aa99b9b69aecca69904843edd30b1ee7150d79904
2020/02/03 06:39:06 existing blob: sha256:a88538b9cd05cfa611e43a25582a95ad7879f6fa708b0386a26b71ee62235bb3
2020/02/03 06:39:06 existing blob: sha256:7d083412657baa2dafba8d093034ef26f9ed2c90fb6ed95f76bb55aff03ed429
2020/02/03 06:39:09 pushed blob: sha256:d622bb4bf1a250dc417c9bdc0e7905a9338fd3fe76cd0451db36d54fc4712485
2020/02/03 06:39:09 pushed blob: sha256:9c9015ce929ff44710a27862b885ed6f73f86279d92bfeb52f7f74cad0c498ab
2020/02/03 06:39:09 pushed blob: sha256:90e3e7503be732bf259a34bd9812e948ab986a966d04333c90adee57435880e1
2020/02/03 06:39:11 gcr.io/*********-multicluster/nodey412:0.0.3: digest: sha256:5dab6003e5d972e423293b591e5ade70cb2b7c7ea71e661361a3ab7998e5094c size: 1404

Showing logs for build [32mjstrachan-nodey412-master-fj44v-1[0m stage [32mfrom-build-pack[0m and container [32mstep-build-post-build[0m
no CVE provider running in the current ** namespace so skip adding image to be analysed

Showing logs for build [32mjstrachan-nodey412-master-fj44v-1[0m stage [32mfrom-build-pack[0m and container [32mstep-promote-changelog[0m
Converted /workspace/source/charts/nodey412 to an unshallow repository
Generating change log from git ref 10f8c463522cfa10ad78eb17d2b70fd35ed4082f => be89f5c48f5f1fd53cad27223cfa53d674d856f7
WARNING: No release found for *********/nodey412 and tag v0.0.3 so creating a new release
Updated the release information at https://github.com/*********/nodey412/releases/tag/v0.0.3
generated: /workspace/source/charts/nodey412/templates/release.yaml
Created Release nodey412-0-0-3 resource in namespace **
Updating PipelineActivity *********-nodey412-master-1 with version 0.0.3
Updated PipelineActivities *********-nodey412-master-1 with release notes URL: https://github.com/*********/nodey412/releases/tag/v0.0.3

Showing logs for build [32mjstrachan-nodey412-master-fj44v-1[0m stage [32mfrom-build-pack[0m and container [32mstep-promote-helm-release[0m
WARNING: No $CHART_REPOSITORY defined so using the default value of: http://jenkins-x-chartmuseum:8080
Adding missing Helm repo: storage.googleapis.com https://storage.googleapis.com/chartmuseum.jenkins-x.io
Successfully added Helm repository storage.googleapis.com.
Adding missing Helm repo: jenkins-x-chartmuseum http://jenkins-x-chartmuseum:8080
error: failed to build dependencies for chart from directory '.': failed to add chart repositories: failed to add the Helm repository with URL 'http://jenkins-x-chartmuseum:8080': prompting for creds for http://jenkins-x-chartmuseum:8080: checking status code of http://jenkins-x-chartmuseum:8080/index.yaml: Get http://jenkins-x-chartmuseum:8080/index.yaml: dial tcp: lookup jenkins-x-chartmuseum on 10.3.240.10:53: no such host
[31m
Pipeline failed on stage 'from-build-pack' : container 'step-promote-helm-release'. The execution of the pipeline has stopped.[0m
