
Showing logs for build [32mjstrachan-nodey412-master-nzjmk-15[0m stage [32mfrom-build-pack[0m and container [32mstep-credential-initializer-96psq[0m
{"level":"warn","ts":1580818416.4254618,"logger":"fallback-logger","caller":"logging/config.go:69","msg":"Fetch GitHub commit ID from kodata failed: \"ref: refs/heads/0.8.0-**-support-backwards-incompats\" is not a valid GitHub commit ID"}
{"level":"info","ts":1580818416.4258127,"logger":"fallback-logger","caller":"creds-init/main.go:40","msg":"Credentials initialized."}

Showing logs for build [32mjstrachan-nodey412-master-nzjmk-15[0m stage [32mfrom-build-pack[0m and container [32mstep-working-dir-initializer-jtgpn[0m
{"level":"warn","ts":1580818417.3755713,"logger":"fallback-logger","caller":"logging/config.go:69","msg":"Fetch GitHub commit ID from kodata failed: open /var/run/ko/HEAD: no such file or directory"}
{"level":"info","ts":1580818417.3768482,"logger":"fallback-logger","caller":"bash/main.go:64","msg":"Successfully executed command \"sh -c mkdir -p /workspace/source\"; output "}

Showing logs for build [32mjstrachan-nodey412-master-nzjmk-15[0m stage [32mfrom-build-pack[0m and container [32mstep-place-tools[0m

Showing logs for build [32mjstrachan-nodey412-master-nzjmk-15[0m stage [32mfrom-build-pack[0m and container [32mstep-git-source-jstrachan-nodey412-master-nzjmk-l7d8s[0m
{"level":"warn","ts":1580818424.4488006,"logger":"fallback-logger","caller":"logging/config.go:69","msg":"Fetch GitHub commit ID from kodata failed: \"ref: refs/heads/0.8.0-**-support-backwards-incompats\" is not a valid GitHub commit ID"}
{"level":"info","ts":1580818425.6113367,"logger":"fallback-logger","caller":"git/git.go:103","msg":"Successfully cloned https://github.com/*********/nodey412.git @ v0.0.17 in path /workspace/source"}

Showing logs for build [32mjstrachan-nodey412-master-nzjmk-15[0m stage [32mfrom-build-pack[0m and container [32mstep-git-merge[0m
Using SHAs from PULL_REFS=master:
WARNING: no SHAs to merge, falling back to initial cloned commit

Showing logs for build [32mjstrachan-nodey412-master-nzjmk-15[0m stage [32mfrom-build-pack[0m and container [32mstep-setup-jx-git-credentials[0m
Generated Git credentials file /builder/home/git/credentials

Showing logs for build [32mjstrachan-nodey412-master-nzjmk-15[0m stage [32mfrom-build-pack[0m and container [32mstep-build-npmrc[0m
Command "credential" is deprecated, it will be removed on Jun 1 2020.  This is replaced by Tekton's mounted secrets
WARNING: failed to find Secret npm-token in namespace **

Showing logs for build [32mjstrachan-nodey412-master-nzjmk-15[0m stage [32mfrom-build-pack[0m and container [32mstep-build-npm-install[0m
npm notice created a lockfile as package-lock.json. You should commit this file.
npm WARN REPLACE_ME@1.0.0 No repository field.
npm WARN REPLACE_ME@1.0.0 No license field.

up to date in 0.637s
found 0 vulnerabilities


Showing logs for build [32mjstrachan-nodey412-master-nzjmk-15[0m stage [32mfrom-build-pack[0m and container [32mstep-build-npm-test[0m

> REPLACE_ME@1.0.0 test /workspace/source
> echo "no test specified" && exit 0

no test specified

Showing logs for build [32mjstrachan-nodey412-master-nzjmk-15[0m stage [32mfrom-build-pack[0m and container [32mstep-build-container-build[0m
ERROR: logging before flag.Parse: E0204 12:13:56.268991      11 metadata.go:241] Failed to unmarshal scopes: invalid character 'h' looking for beginning of value
[36mINFO[0m[0001] Downloading base image node:9-slim           
ERROR: logging before flag.Parse: E0204 12:13:56.280310      11 metadata.go:142] while reading 'google-dockercfg' metadata: http status code: 404 while fetching url http://metadata.google.internal./computeMetadata/v1/instance/attributes/google-dockercfg
ERROR: logging before flag.Parse: E0204 12:13:56.369087      11 metadata.go:159] while reading 'google-dockercfg-url' metadata: http status code: 404 while fetching url http://metadata.google.internal./computeMetadata/v1/instance/attributes/google-dockercfg-url
2020/02/04 12:13:56 No matching credentials were found, falling back on anonymous
[36mINFO[0m[0002] Error while retrieving image from cache: getting file info: stat /workspace/sha256:0e0175bbe4f8d9d104590d8d2c591017874e30977cb71aaff1cf6fa99479575c: no such file or directory 
[36mINFO[0m[0002] Downloading base image node:9-slim           
2020/02/04 12:13:57 No matching credentials were found, falling back on anonymous
[36mINFO[0m[0003] Executing 0 build triggers                   
[36mINFO[0m[0003] cmd: EXPOSE                                  
[36mINFO[0m[0003] Adding exposed port: 8080/tcp                
[36mINFO[0m[0003] Using files from context: [/workspace/source] 
[36mINFO[0m[0003] Skipping unpacking as no commands require it. 
[36mINFO[0m[0003] Taking snapshot of full filesystem...        
[36mINFO[0m[0003] ENV PORT 8080                                
[36mINFO[0m[0003] No files changed in this command, skipping snapshotting. 
[36mINFO[0m[0003] EXPOSE 8080                                  
[36mINFO[0m[0003] cmd: EXPOSE                                  
[36mINFO[0m[0003] Adding exposed port: 8080/tcp                
[36mINFO[0m[0003] No files changed in this command, skipping snapshotting. 
[36mINFO[0m[0003] WORKDIR /usr/src/app                         
[36mINFO[0m[0003] cmd: workdir                                 
[36mINFO[0m[0003] Changed working directory to /usr/src/app    
[36mINFO[0m[0003] Creating directory /usr/src/app              
[36mINFO[0m[0003] Taking snapshot of files...                  
[36mINFO[0m[0003] Using files from context: [/workspace/source] 
[36mINFO[0m[0003] COPY . .                                     
[36mINFO[0m[0003] Taking snapshot of files...                  
[36mINFO[0m[0003] CMD ["npm", "start"]                         
[36mINFO[0m[0003] No files changed in this command, skipping snapshotting. 
2020/02/04 12:13:58 existing blob: sha256:7d083412657baa2dafba8d093034ef26f9ed2c90fb6ed95f76bb55aff03ed429
2020/02/04 12:13:58 existing blob: sha256:e01bd28a434b56ffd2a3fe9aa99b9b69aecca69904843edd30b1ee7150d79904
2020/02/04 12:13:58 existing blob: sha256:5bba3ecb4cd6374a19da45f2a3db0a9c0804984358b3bb4b666c28944016e5ff
2020/02/04 12:13:58 existing blob: sha256:196b8e3c919d5639193ba6c6e54774528942041bbc37606631a2250502985c3c
2020/02/04 12:13:58 existing blob: sha256:a88538b9cd05cfa611e43a25582a95ad7879f6fa708b0386a26b71ee62235bb3
2020/02/04 12:14:01 pushed blob: sha256:4f4fb65c5b00675e2497bc54787a81943520a90a26378c94226cee234a3b6fc5
2020/02/04 12:14:01 pushed blob: sha256:25b89929d547758f39fc262303217387e1ee76a736f19674c4536ca021902d6f
2020/02/04 12:14:02 pushed blob: sha256:dc51d75bbb45f22c43d2e449a4970a976e6b0c0e5be19325afcf8add9f096a47
2020/02/04 12:14:03 gcr.io/*********-multicluster/nodey412:0.0.17: digest: sha256:e11bf6a7d4a866a2a25962d9d139035d05f30f9ff76f4b6d1091fa4e9de61d26 size: 1404

Showing logs for build [32mjstrachan-nodey412-master-nzjmk-15[0m stage [32mfrom-build-pack[0m and container [32mstep-build-post-build[0m
no CVE provider running in the current ** namespace so skip adding image to be analysed

Showing logs for build [32mjstrachan-nodey412-master-nzjmk-15[0m stage [32mfrom-build-pack[0m and container [32mstep-promote-changelog[0m
Converted /workspace/source/charts/nodey412 to an unshallow repository
Generating change log from git ref 10da51ba3b6aec607e21cd6d2ce11063c6880118 => df50d5de0436de7fc544db61f6d729eb5273d8e3
WARNING: No release found for *********/nodey412 and tag v0.0.17 so creating a new release
Updated the release information at https://github.com/*********/nodey412/releases/tag/v0.0.17
generated: /workspace/source/charts/nodey412/templates/release.yaml
Created Release nodey412-0-0-17 resource in namespace **
Updating PipelineActivity *********-nodey412-master-15 with version 0.0.17
Updated PipelineActivities *********-nodey412-master-15 with release notes URL: https://github.com/*********/nodey412/releases/tag/v0.0.17

Showing logs for build [32mjstrachan-nodey412-master-nzjmk-15[0m stage [32mfrom-build-pack[0m and container [32mstep-promote-helm-release[0m
WARNING: No $CHART_REPOSITORY defined so using the default value of: http://jenkins-x-chartmuseum:8080
Adding missing Helm repo: storage.googleapis.com https://storage.googleapis.com/chartmuseum.jenkins-x.io
Successfully added Helm repository storage.googleapis.com.
Adding missing Helm repo: jenkins-x-chartmuseum http://jenkins-x-chartmuseum:8080
Successfully added Helm repository jenkins-x-chartmuseum.
WARNING: No $CHART_REPOSITORY defined so using the default value of: http://jenkins-x-chartmuseum:8080
Uploading chart file nodey412-0.0.17.tgz to http://jenkins-x-chartmuseum:8080/api/charts
Received 201 response: {"saved":true}

Showing logs for build [32mjstrachan-nodey412-master-nzjmk-15[0m stage [32mfrom-build-pack[0m and container [32mstep-promote-jx-promote[0m
WARNING: prow based install so skip waiting for the merge of Pull Requests to go green as currently there is an issue with gettingstatuses from the PR, see https://github.com/jenkins-x/**/issues/2410
WARNING: No $CHART_REPOSITORY defined so using the default value of: http://jenkins-x-chartmuseum:8080
Promoting app nodey412 version 0.0.17 to namespace **-staging
WARNING: 
Created Pull Request: https://github.com/*********/environment-dev-helmfile-local-staging/pull/12
Added label updatebot to Pull Request https://github.com/*********/environment-dev-helmfile-local-staging/pull/12
got git provider status pending from PR https://github.com/*********/environment-dev-helmfile-local-staging/pull/12
got git provider status pending from PR https://github.com/*********/environment-dev-helmfile-local-staging/pull/12
got git provider status pending from PR https://github.com/*********/environment-dev-helmfile-local-staging/pull/12
got git provider status pending from PR https://github.com/*********/environment-dev-helmfile-local-staging/pull/12
got git provider status pending from PR https://github.com/*********/environment-dev-helmfile-local-staging/pull/12
error: Pull request https://github.com/*********/environment-dev-helmfile-local-staging/pull/12 last commit has status failure for ref 123351e0fb8848d649accd75c9143e0876daca9a
[31m
Pipeline failed on stage 'from-build-pack' : container 'step-promote-jx-promote'. The execution of the pipeline has stopped.[0m
