
Showing logs for build [32mjstrachan-nodey412-master-lx9tx-18[0m stage [32mfrom-build-pack[0m and container [32mstep-credential-initializer-54pkp[0m
{"level":"warn","ts":1580822359.2634077,"logger":"fallback-logger","caller":"logging/config.go:69","msg":"Fetch GitHub commit ID from kodata failed: \"ref: refs/heads/0.8.0-**-support-backwards-incompats\" is not a valid GitHub commit ID"}
{"level":"info","ts":1580822359.264041,"logger":"fallback-logger","caller":"creds-init/main.go:40","msg":"Credentials initialized."}

Showing logs for build [32mjstrachan-nodey412-master-lx9tx-18[0m stage [32mfrom-build-pack[0m and container [32mstep-working-dir-initializer-jqsg6[0m
{"level":"warn","ts":1580822359.7124398,"logger":"fallback-logger","caller":"logging/config.go:69","msg":"Fetch GitHub commit ID from kodata failed: open /var/run/ko/HEAD: no such file or directory"}
{"level":"info","ts":1580822359.7144473,"logger":"fallback-logger","caller":"bash/main.go:64","msg":"Successfully executed command \"sh -c mkdir -p /workspace/source\"; output "}

Showing logs for build [32mjstrachan-nodey412-master-lx9tx-18[0m stage [32mfrom-build-pack[0m and container [32mstep-place-tools[0m

Showing logs for build [32mjstrachan-nodey412-master-lx9tx-18[0m stage [32mfrom-build-pack[0m and container [32mstep-git-source-jstrachan-nodey412-master-lx9tx-q59f9[0m
{"level":"warn","ts":1580822366.7581322,"logger":"fallback-logger","caller":"logging/config.go:69","msg":"Fetch GitHub commit ID from kodata failed: \"ref: refs/heads/0.8.0-**-support-backwards-incompats\" is not a valid GitHub commit ID"}
{"level":"info","ts":1580822367.9242601,"logger":"fallback-logger","caller":"git/git.go:103","msg":"Successfully cloned https://github.com/*********/nodey412.git @ v0.0.20 in path /workspace/source"}

Showing logs for build [32mjstrachan-nodey412-master-lx9tx-18[0m stage [32mfrom-build-pack[0m and container [32mstep-git-merge[0m
Using SHAs from PULL_REFS=master:
WARNING: no SHAs to merge, falling back to initial cloned commit

Showing logs for build [32mjstrachan-nodey412-master-lx9tx-18[0m stage [32mfrom-build-pack[0m and container [32mstep-setup-jx-git-credentials[0m
Generated Git credentials file /builder/home/git/credentials

Showing logs for build [32mjstrachan-nodey412-master-lx9tx-18[0m stage [32mfrom-build-pack[0m and container [32mstep-build-npmrc[0m
Command "credential" is deprecated, it will be removed on Jun 1 2020.  This is replaced by Tekton's mounted secrets
WARNING: failed to find Secret npm-token in namespace **

Showing logs for build [32mjstrachan-nodey412-master-lx9tx-18[0m stage [32mfrom-build-pack[0m and container [32mstep-build-npm-install[0m
npm notice created a lockfile as package-lock.json. You should commit this file.
npm WARN REPLACE_ME@1.0.0 No repository field.
npm WARN REPLACE_ME@1.0.0 No license field.

up to date in 0.416s
found 0 vulnerabilities


Showing logs for build [32mjstrachan-nodey412-master-lx9tx-18[0m stage [32mfrom-build-pack[0m and container [32mstep-build-npm-test[0m

> REPLACE_ME@1.0.0 test /workspace/source
> echo "no test specified" && exit 0

no test specified

Showing logs for build [32mjstrachan-nodey412-master-lx9tx-18[0m stage [32mfrom-build-pack[0m and container [32mstep-build-container-build[0m
ERROR: logging before flag.Parse: E0204 13:19:36.695277      11 metadata.go:241] Failed to unmarshal scopes: invalid character 'h' looking for beginning of value
[36mINFO[0m[0000] Downloading base image node:9-slim           
ERROR: logging before flag.Parse: E0204 13:19:36.769067      11 metadata.go:159] while reading 'google-dockercfg-url' metadata: http status code: 404 while fetching url http://metadata.google.internal./computeMetadata/v1/instance/attributes/google-dockercfg-url
ERROR: logging before flag.Parse: E0204 13:19:36.771785      11 metadata.go:142] while reading 'google-dockercfg' metadata: http status code: 404 while fetching url http://metadata.google.internal./computeMetadata/v1/instance/attributes/google-dockercfg
2020/02/04 13:19:36 No matching credentials were found, falling back on anonymous
[36mINFO[0m[0001] Error while retrieving image from cache: getting file info: stat /workspace/sha256:0e0175bbe4f8d9d104590d8d2c591017874e30977cb71aaff1cf6fa99479575c: no such file or directory 
[36mINFO[0m[0001] Downloading base image node:9-slim           
2020/02/04 13:19:38 No matching credentials were found, falling back on anonymous
[36mINFO[0m[0003] Executing 0 build triggers                   
[36mINFO[0m[0003] cmd: EXPOSE                                  
[36mINFO[0m[0003] Adding exposed port: 8080/tcp                
[36mINFO[0m[0003] Using files from context: [/workspace/source] 
[36mINFO[0m[0003] Skipping unpacking as no commands require it. 
[36mINFO[0m[0003] Taking snapshot of full filesystem...        
[36mINFO[0m[0003] ENV PORT 8080                                
[36mINFO[0m[0003] No files changed in this command, skipping snapshotting. 
[36mINFO[0m[0003] EXPOSE 8080                                  
[36mINFO[0m[0003] cmd: EXPOSE                                  
[36mINFO[0m[0003] Adding exposed port: 8080/tcp                
[36mINFO[0m[0003] No files changed in this command, skipping snapshotting. 
[36mINFO[0m[0003] WORKDIR /usr/src/app                         
[36mINFO[0m[0003] cmd: workdir                                 
[36mINFO[0m[0003] Changed working directory to /usr/src/app    
[36mINFO[0m[0003] Creating directory /usr/src/app              
[36mINFO[0m[0003] Taking snapshot of files...                  
[36mINFO[0m[0003] Using files from context: [/workspace/source] 
[36mINFO[0m[0003] COPY . .                                     
[36mINFO[0m[0003] Taking snapshot of files...                  
[36mINFO[0m[0003] CMD ["npm", "start"]                         
[36mINFO[0m[0003] No files changed in this command, skipping snapshotting. 
2020/02/04 13:19:39 existing blob: sha256:196b8e3c919d5639193ba6c6e54774528942041bbc37606631a2250502985c3c
2020/02/04 13:19:39 existing blob: sha256:a88538b9cd05cfa611e43a25582a95ad7879f6fa708b0386a26b71ee62235bb3
2020/02/04 13:19:39 existing blob: sha256:e01bd28a434b56ffd2a3fe9aa99b9b69aecca69904843edd30b1ee7150d79904
2020/02/04 13:19:39 existing blob: sha256:7d083412657baa2dafba8d093034ef26f9ed2c90fb6ed95f76bb55aff03ed429
2020/02/04 13:19:39 existing blob: sha256:5bba3ecb4cd6374a19da45f2a3db0a9c0804984358b3bb4b666c28944016e5ff
2020/02/04 13:19:42 pushed blob: sha256:5f68fa0d86efb114b2ae9dd6e0fd34c6e3ab51aa8b1da6ddfdf8582f68b93d73
2020/02/04 13:19:42 pushed blob: sha256:c1353689679b0a98c51a54a97a22c8dcd8c3f8cd9c10f18e556e82d328b0033a
2020/02/04 13:19:43 pushed blob: sha256:f821f4c24df2f2d4e6c4b018109af5c2faa3c3004a58d1edc354fe923e7dc555
2020/02/04 13:19:44 gcr.io/*********-multicluster/nodey412:0.0.20: digest: sha256:67c17d19995cf7807e5305bf700e05013140982c5e90ac8967a5dbc550ae54c4 size: 1404

Showing logs for build [32mjstrachan-nodey412-master-lx9tx-18[0m stage [32mfrom-build-pack[0m and container [32mstep-build-post-build[0m
no CVE provider running in the current ** namespace so skip adding image to be analysed

Showing logs for build [32mjstrachan-nodey412-master-lx9tx-18[0m stage [32mfrom-build-pack[0m and container [32mstep-promote-changelog[0m
Converted /workspace/source/charts/nodey412 to an unshallow repository
Generating change log from git ref e8339e834266d3fe244b2800ea470ce1b8f6e457 => da161e914935b8c785e5bef295fcb5a026e46a6b
WARNING: No release found for *********/nodey412 and tag v0.0.20 so creating a new release
Updated the release information at https://github.com/*********/nodey412/releases/tag/v0.0.20
generated: /workspace/source/charts/nodey412/templates/release.yaml
Created Release nodey412-0-0-20 resource in namespace **
Updating PipelineActivity *********-nodey412-master-18 with version 0.0.20
Updated PipelineActivities *********-nodey412-master-18 with release notes URL: https://github.com/*********/nodey412/releases/tag/v0.0.20

Showing logs for build [32mjstrachan-nodey412-master-lx9tx-18[0m stage [32mfrom-build-pack[0m and container [32mstep-promote-helm-release[0m
WARNING: No $CHART_REPOSITORY defined so using the default value of: http://jenkins-x-chartmuseum:8080
Adding missing Helm repo: storage.googleapis.com https://storage.googleapis.com/chartmuseum.jenkins-x.io
Successfully added Helm repository storage.googleapis.com.
Adding missing Helm repo: jenkins-x-chartmuseum http://jenkins-x-chartmuseum:8080
Successfully added Helm repository jenkins-x-chartmuseum.
WARNING: No $CHART_REPOSITORY defined so using the default value of: http://jenkins-x-chartmuseum:8080
Uploading chart file nodey412-0.0.20.tgz to http://jenkins-x-chartmuseum:8080/api/charts
Received 201 response: {"saved":true}

Showing logs for build [32mjstrachan-nodey412-master-lx9tx-18[0m stage [32mfrom-build-pack[0m and container [32mstep-promote-jx-promote[0m
WARNING: prow based install so skip waiting for the merge of Pull Requests to go green as currently there is an issue with gettingstatuses from the PR, see https://github.com/jenkins-x/**/issues/2410
WARNING: No $CHART_REPOSITORY defined so using the default value of: http://jenkins-x-chartmuseum:8080
Promoting app nodey412 version 0.0.20 to namespace **-staging
WARNING: 
Created Pull Request: https://github.com/*********/environment-dev-helmfile-local-staging/pull/15
Added label updatebot to Pull Request https://github.com/*********/environment-dev-helmfile-local-staging/pull/15
WARNING: Failed to query the Pull Request last commit status for https://github.com/*********/environment-dev-helmfile-local-staging/pull/15 ref 9a991139695a033f34eecf69b7e6082280bd8724 Could not find a status for repository *********/environment-dev-helmfile-local-staging with ref 9a991139695a033f34eecf69b7e6082280bd8724
got git provider status pending from PR https://github.com/*********/environment-dev-helmfile-local-staging/pull/15
got git provider status pending from PR https://github.com/*********/environment-dev-helmfile-local-staging/pull/15
got git provider status pending from PR https://github.com/*********/environment-dev-helmfile-local-staging/pull/15
Pull Request https://github.com/*********/environment-dev-helmfile-local-staging/pull/15 is merged at sha 9d6227128a7f9410cdb32e74b6acb26b30902c10
Pull Request merged but we are not waiting for the update pipeline to complete!
WARNING: Could not find the service URL in namespace **-staging for names nodey412, **-nodey412, **-staging-nodey412
