
Showing logs for build [32mjstrachan-nodey412-master-xfczt-3[0m stage [32mfrom-build-pack[0m and container [32mstep-credential-initializer-vgd6m[0m
{"level":"warn","ts":1580712537.620297,"logger":"fallback-logger","caller":"logging/config.go:69","msg":"Fetch GitHub commit ID from kodata failed: \"ref: refs/heads/0.8.0-**-support-backwards-incompats\" is not a valid GitHub commit ID"}
{"level":"info","ts":1580712537.6210215,"logger":"fallback-logger","caller":"creds-init/main.go:40","msg":"Credentials initialized."}

Showing logs for build [32mjstrachan-nodey412-master-xfczt-3[0m stage [32mfrom-build-pack[0m and container [32mstep-working-dir-initializer-dclhq[0m
{"level":"warn","ts":1580712538.9609017,"logger":"fallback-logger","caller":"logging/config.go:69","msg":"Fetch GitHub commit ID from kodata failed: open /var/run/ko/HEAD: no such file or directory"}
{"level":"info","ts":1580712538.9632137,"logger":"fallback-logger","caller":"bash/main.go:64","msg":"Successfully executed command \"sh -c mkdir -p /workspace/source\"; output "}

Showing logs for build [32mjstrachan-nodey412-master-xfczt-3[0m stage [32mfrom-build-pack[0m and container [32mstep-place-tools[0m

Showing logs for build [32mjstrachan-nodey412-master-xfczt-3[0m stage [32mfrom-build-pack[0m and container [32mstep-git-source-jstrachan-nodey412-master-xfczt-v5v5q[0m
{"level":"warn","ts":1580712546.0326304,"logger":"fallback-logger","caller":"logging/config.go:69","msg":"Fetch GitHub commit ID from kodata failed: \"ref: refs/heads/0.8.0-**-support-backwards-incompats\" is not a valid GitHub commit ID"}
{"level":"info","ts":1580712546.7084684,"logger":"fallback-logger","caller":"git/git.go:103","msg":"Successfully cloned https://github.com/*********/nodey412.git @ v0.0.5 in path /workspace/source"}

Showing logs for build [32mjstrachan-nodey412-master-xfczt-3[0m stage [32mfrom-build-pack[0m and container [32mstep-git-merge[0m
Using SHAs from PULL_REFS=master:
WARNING: no SHAs to merge, falling back to initial cloned commit

Showing logs for build [32mjstrachan-nodey412-master-xfczt-3[0m stage [32mfrom-build-pack[0m and container [32mstep-setup-jx-git-credentials[0m
Generated Git credentials file /builder/home/git/credentials

Showing logs for build [32mjstrachan-nodey412-master-xfczt-3[0m stage [32mfrom-build-pack[0m and container [32mstep-build-npmrc[0m
Command "credential" is deprecated, it will be removed on Jun 1 2020.  This is replaced by Tekton's mounted secrets
WARNING: failed to find Secret npm-token in namespace **

Showing logs for build [32mjstrachan-nodey412-master-xfczt-3[0m stage [32mfrom-build-pack[0m and container [32mstep-build-npm-install[0m
npm notice created a lockfile as package-lock.json. You should commit this file.
npm WARN REPLACE_ME@1.0.0 No repository field.
npm WARN REPLACE_ME@1.0.0 No license field.

up to date in 0.461s
found 0 vulnerabilities


Showing logs for build [32mjstrachan-nodey412-master-xfczt-3[0m stage [32mfrom-build-pack[0m and container [32mstep-build-npm-test[0m

> REPLACE_ME@1.0.0 test /workspace/source
> echo "no test specified" && exit 0

no test specified

Showing logs for build [32mjstrachan-nodey412-master-xfczt-3[0m stage [32mfrom-build-pack[0m and container [32mstep-build-container-build[0m
ERROR: logging before flag.Parse: E0203 06:49:16.187408      11 metadata.go:241] Failed to unmarshal scopes: invalid character 'h' looking for beginning of value
[36mINFO[0m[0000] Downloading base image node:9-slim           
ERROR: logging before flag.Parse: E0203 06:49:16.269059      11 metadata.go:142] while reading 'google-dockercfg' metadata: http status code: 404 while fetching url http://metadata.google.internal./computeMetadata/v1/instance/attributes/google-dockercfg
ERROR: logging before flag.Parse: E0203 06:49:16.369073      11 metadata.go:159] while reading 'google-dockercfg-url' metadata: http status code: 404 while fetching url http://metadata.google.internal./computeMetadata/v1/instance/attributes/google-dockercfg-url
2020/02/03 06:49:16 No matching credentials were found, falling back on anonymous
[36mINFO[0m[0001] Error while retrieving image from cache: getting file info: stat /workspace/sha256:0e0175bbe4f8d9d104590d8d2c591017874e30977cb71aaff1cf6fa99479575c: no such file or directory 
[36mINFO[0m[0001] Downloading base image node:9-slim           
2020/02/03 06:49:17 No matching credentials were found, falling back on anonymous
[36mINFO[0m[0002] Executing 0 build triggers                   
[36mINFO[0m[0002] cmd: EXPOSE                                  
[36mINFO[0m[0002] Adding exposed port: 8080/tcp                
[36mINFO[0m[0002] Using files from context: [/workspace/source] 
[36mINFO[0m[0002] Skipping unpacking as no commands require it. 
[36mINFO[0m[0002] Taking snapshot of full filesystem...        
[36mINFO[0m[0002] ENV PORT 8080                                
[36mINFO[0m[0002] No files changed in this command, skipping snapshotting. 
[36mINFO[0m[0002] EXPOSE 8080                                  
[36mINFO[0m[0002] cmd: EXPOSE                                  
[36mINFO[0m[0002] Adding exposed port: 8080/tcp                
[36mINFO[0m[0002] No files changed in this command, skipping snapshotting. 
[36mINFO[0m[0002] WORKDIR /usr/src/app                         
[36mINFO[0m[0002] cmd: workdir                                 
[36mINFO[0m[0002] Changed working directory to /usr/src/app    
[36mINFO[0m[0002] Creating directory /usr/src/app              
[36mINFO[0m[0002] Taking snapshot of files...                  
[36mINFO[0m[0002] Using files from context: [/workspace/source] 
[36mINFO[0m[0002] COPY . .                                     
[36mINFO[0m[0002] Taking snapshot of files...                  
[36mINFO[0m[0002] CMD ["npm", "start"]                         
[36mINFO[0m[0002] No files changed in this command, skipping snapshotting. 
2020/02/03 06:49:18 existing blob: sha256:e01bd28a434b56ffd2a3fe9aa99b9b69aecca69904843edd30b1ee7150d79904
2020/02/03 06:49:18 existing blob: sha256:196b8e3c919d5639193ba6c6e54774528942041bbc37606631a2250502985c3c
2020/02/03 06:49:18 existing blob: sha256:a88538b9cd05cfa611e43a25582a95ad7879f6fa708b0386a26b71ee62235bb3
2020/02/03 06:49:18 existing blob: sha256:5bba3ecb4cd6374a19da45f2a3db0a9c0804984358b3bb4b666c28944016e5ff
2020/02/03 06:49:18 existing blob: sha256:7d083412657baa2dafba8d093034ef26f9ed2c90fb6ed95f76bb55aff03ed429
2020/02/03 06:49:21 pushed blob: sha256:532c22c3ce35826515e8bf576586a53cff05a1877d32356efae5520b070be653
2020/02/03 06:49:21 pushed blob: sha256:8567e320d996bf72cd4ef94d5bc83182afde48e88285cb3179ab94ef7b36a1c3
2020/02/03 06:49:21 pushed blob: sha256:798f7805fd5993b20ac9b28f3a8fc327e58b0e6d6a4c150489d52991e1a84a44
2020/02/03 06:49:23 gcr.io/*********-multicluster/nodey412:0.0.5: digest: sha256:207d0158663109e3bd663230c2b2dc50601931063decd5ab579f9beb2db9c3dc size: 1404

Showing logs for build [32mjstrachan-nodey412-master-xfczt-3[0m stage [32mfrom-build-pack[0m and container [32mstep-build-post-build[0m
no CVE provider running in the current ** namespace so skip adding image to be analysed

Showing logs for build [32mjstrachan-nodey412-master-xfczt-3[0m stage [32mfrom-build-pack[0m and container [32mstep-promote-changelog[0m
Converted /workspace/source/charts/nodey412 to an unshallow repository
Generating change log from git ref 253412cc2257eadb84124377b1af01e1e3f99dc7 => afbb2d67423a3115aa0bdf5e4bd5c94b3003f5ea
WARNING: No release found for *********/nodey412 and tag v0.0.5 so creating a new release
Updated the release information at https://github.com/*********/nodey412/releases/tag/v0.0.5
generated: /workspace/source/charts/nodey412/templates/release.yaml
Created Release nodey412-0-0-5 resource in namespace **
Updating PipelineActivity *********-nodey412-master-3 with version 0.0.5
Updated PipelineActivities *********-nodey412-master-3 with release notes URL: https://github.com/*********/nodey412/releases/tag/v0.0.5

Showing logs for build [32mjstrachan-nodey412-master-xfczt-3[0m stage [32mfrom-build-pack[0m and container [32mstep-promote-helm-release[0m
WARNING: No $CHART_REPOSITORY defined so using the default value of: http://jenkins-x-chartmuseum:8080
Adding missing Helm repo: storage.googleapis.com https://storage.googleapis.com/chartmuseum.jenkins-x.io
Successfully added Helm repository storage.googleapis.com.
Adding missing Helm repo: jenkins-x-chartmuseum http://jenkins-x-chartmuseum:8080
Successfully added Helm repository jenkins-x-chartmuseum.
WARNING: No $CHART_REPOSITORY defined so using the default value of: http://jenkins-x-chartmuseum:8080
Uploading chart file nodey412-0.0.5.tgz to http://jenkins-x-chartmuseum:8080/api/charts
Received 201 response: {"saved":true}

Showing logs for build [32mjstrachan-nodey412-master-xfczt-3[0m stage [32mfrom-build-pack[0m and container [32mstep-promote-jx-promote[0m
WARNING: prow based install so skip waiting for the merge of Pull Requests to go green as currently there is an issue with gettingstatuses from the PR, see https://github.com/jenkins-x/**/issues/2410
WARNING: No $CHART_REPOSITORY defined so using the default value of: http://jenkins-x-chartmuseum:8080
Promoting app nodey412 version 0.0.5 to namespace **-staging
WARNING: 
Created Pull Request: https://github.com/*********/environment-dev-helmfile-local-staging/pull/1
Added label updatebot to Pull Request https://github.com/*********/environment-dev-helmfile-local-staging/pull/1
WARNING: Failed to query the Pull Request last commit status for https://github.com/*********/environment-dev-helmfile-local-staging/pull/1 ref cd972648d6cfee6fbeb14e99dbd7b519cc1a5231 Could not find a status for repository *********/environment-dev-helmfile-local-staging with ref cd972648d6cfee6fbeb14e99dbd7b519cc1a5231
got git provider status pending from PR https://github.com/*********/environment-dev-helmfile-local-staging/pull/1
got git provider status pending from PR https://github.com/*********/environment-dev-helmfile-local-staging/pull/1
error: Pull request https://github.com/*********/environment-dev-helmfile-local-staging/pull/1 last commit has status failure for ref cd972648d6cfee6fbeb14e99dbd7b519cc1a5231
[31m
Pipeline failed on stage 'from-build-pack' : container 'step-promote-jx-promote'. The execution of the pipeline has stopped.[0m
