
Showing logs for build [32mjstrachan-nodey412-pr-4-pr-buil-hmtdf-1[0m stage [32mfrom-build-pack[0m and container [32mstep-credential-initializer-9dth7[0m
{"level":"warn","ts":1580886901.5897198,"logger":"fallback-logger","caller":"logging/config.go:69","msg":"Fetch GitHub commit ID from kodata failed: \"ref: refs/heads/0.8.0-**-support-backwards-incompats\" is not a valid GitHub commit ID"}
{"level":"info","ts":1580886901.5913336,"logger":"fallback-logger","caller":"creds-init/main.go:40","msg":"Credentials initialized."}

Showing logs for build [32mjstrachan-nodey412-pr-4-pr-buil-hmtdf-1[0m stage [32mfrom-build-pack[0m and container [32mstep-working-dir-initializer-rdmxl[0m
{"level":"warn","ts":1580886902.6384797,"logger":"fallback-logger","caller":"logging/config.go:69","msg":"Fetch GitHub commit ID from kodata failed: open /var/run/ko/HEAD: no such file or directory"}
{"level":"info","ts":1580886902.6396148,"logger":"fallback-logger","caller":"bash/main.go:64","msg":"Successfully executed command \"sh -c mkdir -p /workspace/source\"; output "}

Showing logs for build [32mjstrachan-nodey412-pr-4-pr-buil-hmtdf-1[0m stage [32mfrom-build-pack[0m and container [32mstep-place-tools[0m

Showing logs for build [32mjstrachan-nodey412-pr-4-pr-buil-hmtdf-1[0m stage [32mfrom-build-pack[0m and container [32mstep-git-source-jstrachan-nodey412-pr-4-pr-buil-hmtdf-vdlwh[0m
{"level":"warn","ts":1580886909.8147383,"logger":"fallback-logger","caller":"logging/config.go:69","msg":"Fetch GitHub commit ID from kodata failed: \"ref: refs/heads/0.8.0-**-support-backwards-incompats\" is not a valid GitHub commit ID"}
{"level":"info","ts":1580886910.9519928,"logger":"fallback-logger","caller":"git/git.go:103","msg":"Successfully cloned https://github.com/*********/nodey412.git @ master in path /workspace/source"}

Showing logs for build [32mjstrachan-nodey412-pr-4-pr-buil-hmtdf-1[0m stage [32mfrom-build-pack[0m and container [32mstep-git-merge[0m
Using SHAs from PULL_REFS=master:d2a5c0958054d39ee6598d096b9cdfbc0f3fd8ff,4:9e138c383df2300ce663f24af0eb756766b6b3e6
DEBUG: LC_ALL=C JX_LOG_LEVEL=error git fetch origin --unshallow 9e138c383df2300ce663f24af0eb756766b6b3e6: d2a5c0958054d39ee6598d096b9cdfbc0f3fd8ff:
DEBUG: ran git fetch --unshallow origin 9e138c383df2300ce663f24af0eb756766b6b3e6: d2a5c0958054d39ee6598d096b9cdfbc0f3fd8ff: in 
DEBUG: LC_ALL=C JX_LOG_LEVEL=error git branch
DEBUG: LC_ALL=C JX_LOG_LEVEL=error git checkout master
DEBUG: ran git checkout master in 
DEBUG: LC_ALL=C JX_LOG_LEVEL=error git reset --hard d2a5c0958054d39ee6598d096b9cdfbc0f3fd8ff
DEBUG: ran git reset --hard d2a5c0958054d39ee6598d096b9cdfbc0f3fd8ff in 
DEBUG: LC_ALL=C JX_LOG_LEVEL=error git clean -fd .
DEBUG: ran clean --force -d . in 
DEBUG: LC_ALL=C JX_LOG_LEVEL=error git merge 9e138c383df2300ce663f24af0eb756766b6b3e6
DEBUG: ran git merge 9e138c383df2300ce663f24af0eb756766b6b3e6 in 
DEBUG: LC_ALL=C JX_LOG_LEVEL=error git log --format=%H%x1f%an%x1f%ae%x1f%cn%x1f%ce%x1f%s%n%b%x1e d2a5c0958054d39ee6598d096b9cdfbc0f3fd8ff..HEAD
Merged SHA 9e138c383df2300ce663f24af0eb756766b6b3e6 with commit message 'Update index.html' into base branch master

Showing logs for build [32mjstrachan-nodey412-pr-4-pr-buil-hmtdf-1[0m stage [32mfrom-build-pack[0m and container [32mstep-build-npmrc[0m
Command "credential" is deprecated, it will be removed on Jun 1 2020.  This is replaced by Tekton's mounted secrets
WARNING: failed to find Secret npm-token in namespace **

Showing logs for build [32mjstrachan-nodey412-pr-4-pr-buil-hmtdf-1[0m stage [32mfrom-build-pack[0m and container [32mstep-build-npm-install[0m
npm notice created a lockfile as package-lock.json. You should commit this file.
npm WARN REPLACE_ME@1.0.0 No repository field.
npm WARN REPLACE_ME@1.0.0 No license field.

up to date in 0.885s
found 0 vulnerabilities


Showing logs for build [32mjstrachan-nodey412-pr-4-pr-buil-hmtdf-1[0m stage [32mfrom-build-pack[0m and container [32mstep-build-npm-test[0m

> REPLACE_ME@1.0.0 test /workspace/source
> echo "no test specified" && exit 0

no test specified

Showing logs for build [32mjstrachan-nodey412-pr-4-pr-buil-hmtdf-1[0m stage [32mfrom-build-pack[0m and container [32mstep-build-container-build[0m
ERROR: logging before flag.Parse: E0205 07:15:18.869188      12 metadata.go:241] Failed to unmarshal scopes: invalid character 'h' looking for beginning of value
[36mINFO[0m[0001] Downloading base image node:9-slim           
ERROR: logging before flag.Parse: E0205 07:15:18.879811      12 metadata.go:142] while reading 'google-dockercfg' metadata: http status code: 404 while fetching url http://metadata.google.internal./computeMetadata/v1/instance/attributes/google-dockercfg
ERROR: logging before flag.Parse: E0205 07:15:18.882322      12 metadata.go:159] while reading 'google-dockercfg-url' metadata: http status code: 404 while fetching url http://metadata.google.internal./computeMetadata/v1/instance/attributes/google-dockercfg-url
2020/02/05 07:15:18 No matching credentials were found, falling back on anonymous
[36mINFO[0m[0002] Error while retrieving image from cache: getting file info: stat /workspace/sha256:0e0175bbe4f8d9d104590d8d2c591017874e30977cb71aaff1cf6fa99479575c: no such file or directory 
[36mINFO[0m[0002] Downloading base image node:9-slim           
2020/02/05 07:15:20 No matching credentials were found, falling back on anonymous
[36mINFO[0m[0003] Executing 0 build triggers                   
[36mINFO[0m[0003] cmd: EXPOSE                                  
[36mINFO[0m[0003] Adding exposed port: 8080/tcp                
[36mINFO[0m[0003] Using files from context: [/workspace/source] 
[36mINFO[0m[0003] Skipping unpacking as no commands require it. 
[36mINFO[0m[0003] Taking snapshot of full filesystem...        
[36mINFO[0m[0003] ENV PORT 8080                                
[36mINFO[0m[0003] No files changed in this command, skipping snapshotting. 
[36mINFO[0m[0003] EXPOSE 8080                                  
[36mINFO[0m[0003] cmd: EXPOSE                                  
[36mINFO[0m[0003] Adding exposed port: 8080/tcp                
[36mINFO[0m[0003] No files changed in this command, skipping snapshotting. 
[36mINFO[0m[0003] WORKDIR /usr/src/app                         
[36mINFO[0m[0003] cmd: workdir                                 
[36mINFO[0m[0003] Changed working directory to /usr/src/app    
[36mINFO[0m[0003] Creating directory /usr/src/app              
[36mINFO[0m[0003] Taking snapshot of files...                  
[36mINFO[0m[0003] Using files from context: [/workspace/source] 
[36mINFO[0m[0003] COPY . .                                     
[36mINFO[0m[0003] Taking snapshot of files...                  
[36mINFO[0m[0003] CMD ["npm", "start"]                         
[36mINFO[0m[0003] No files changed in this command, skipping snapshotting. 
2020/02/05 07:15:21 existing blob: sha256:e01bd28a434b56ffd2a3fe9aa99b9b69aecca69904843edd30b1ee7150d79904
2020/02/05 07:15:21 existing blob: sha256:a88538b9cd05cfa611e43a25582a95ad7879f6fa708b0386a26b71ee62235bb3
2020/02/05 07:15:21 existing blob: sha256:196b8e3c919d5639193ba6c6e54774528942041bbc37606631a2250502985c3c
2020/02/05 07:15:21 existing blob: sha256:7d083412657baa2dafba8d093034ef26f9ed2c90fb6ed95f76bb55aff03ed429
2020/02/05 07:15:21 existing blob: sha256:5bba3ecb4cd6374a19da45f2a3db0a9c0804984358b3bb4b666c28944016e5ff
2020/02/05 07:15:24 pushed blob: sha256:0ff408e4950c0c1a784aaa6a4343611ab475e4c1b170e94604cd317aae67cb6d
2020/02/05 07:15:24 pushed blob: sha256:b64fe0297389f7ddbac0fbb398915fb813275ad88fa26acb0b6f96c60dc87bd6
2020/02/05 07:15:24 pushed blob: sha256:c0f9014b261261dbafa5d3393a5906737f63f903a435d9464f9649f717ebce7b
2020/02/05 07:15:26 gcr.io/*********-multicluster/nodey412:0.0.0-SNAPSHOT-PR-4-1: digest: sha256:ffc5484f9dd50533ddb975d7a2f36682e83d83c10284d3577b6e9dbe712f5b0e size: 1404

Showing logs for build [32mjstrachan-nodey412-pr-4-pr-buil-hmtdf-1[0m stage [32mfrom-build-pack[0m and container [32mstep-postbuild-post-build[0m
no CVE provider running in the current ** namespace so skip adding image to be analysed

Showing logs for build [32mjstrachan-nodey412-pr-4-pr-buil-hmtdf-1[0m stage [32mfrom-build-pack[0m and container [32mstep-promote-make-preview[0m
sed -i -e "s/version:.*/version: 0.0.0-SNAPSHOT-PR-4-1/" Chart.yaml
sed -i -e "s/version:.*/version: 0.0.0-SNAPSHOT-PR-4-1/" ../*/Chart.yaml
sed -i -e "s|repository:.*|repository: \/*********-multicluster\/nodey412|" values.yaml
sed -i -e "s/tag:.*/tag: 0.0.0-SNAPSHOT-PR-4-1/" values.yaml
echo "  version: 0.0.0-SNAPSHOT-PR-4-1" >> requirements.yaml
** step helm build
WARNING: No $CHART_REPOSITORY defined so using the default value of: http://jenkins-x-chartmuseum:8080
Adding missing Helm repo: storage.googleapis.com https://storage.googleapis.com/chartmuseum.jenkins-x.io
Successfully added Helm repository storage.googleapis.com.
Adding missing Helm repo: jenkins-x-chartmuseum http://jenkins-x-chartmuseum:8080
Successfully added Helm repository jenkins-x-chartmuseum.
WARNING: No $CHART_REPOSITORY defined so using the default value of: http://jenkins-x-chartmuseum:8080
Adding missing Helm repo: chartmuseum.jenkins-x.io http://chartmuseum.jenkins-x.io
Successfully added Helm repository chartmuseum.jenkins-x.io.

Showing logs for build [32mjstrachan-nodey412-pr-4-pr-buil-hmtdf-1[0m stage [32mfrom-build-pack[0m and container [32mstep-promote-jx-preview[0m
Creating a preview
Found commit author match for: ********* with email address: james.strachan@gmail.com
Created environment *********-nodey412-pr-4
Namespace **-*********-nodey412-pr-4 created 
expose:
  Annotations:
    helm.sh/hook: post-install,post-upgrade
    helm.sh/hook-delete-policy: hook-succeeded
  config:
    domain: 35.241.156.77.nip.io
    exposer: Ingress
    http: "true"
preview:
  image:
    repository: gcr.io/*********-multicluster/nodey412
    tag: 0.0.0-SNAPSHOT-PR-4-1
Cloning the Jenkins X versions repo https://github.com/*********/jenkins-x-versions.git with ref refs/heads/master to /builder/home/.**/jenkins-x-versions

Updating PipelineActivities *********-nodey412-pr-4-1 which has status Running
WARNING: preview application http://nodey412.**-*********-nodey412-pr-4.35.241.156.77.nip.io not available, error was 503 503 Service Temporarily Unavailable, delaying for: 1.252573036s
WARNING: preview application http://nodey412.**-*********-nodey412-pr-4.35.241.156.77.nip.io not available, error was 503 503 Service Temporarily Unavailable, delaying for: 1.795078749s
WARNING: preview application http://nodey412.**-*********-nodey412-pr-4.35.241.156.77.nip.io not available, error was 503 503 Service Temporarily Unavailable, delaying for: 1.481238625s
WARNING: preview application http://nodey412.**-*********-nodey412-pr-4.35.241.156.77.nip.io not available, error was 503 503 Service Temporarily Unavailable, delaying for: 1.955655978s
WARNING: preview application http://nodey412.**-*********-nodey412-pr-4.35.241.156.77.nip.io not available, error was 503 503 Service Temporarily Unavailable, delaying for: 6.034624474s
WARNING: preview application http://nodey412.**-*********-nodey412-pr-4.35.241.156.77.nip.io not available, error was 503 503 Service Temporarily Unavailable, delaying for: 7.905852024s
WARNING: preview application http://nodey412.**-*********-nodey412-pr-4.35.241.156.77.nip.io not available, error was 503 503 Service Temporarily Unavailable, delaying for: 10.515280546s
WARNING: preview application http://nodey412.**-*********-nodey412-pr-4.35.241.156.77.nip.io not available, error was 503 503 Service Temporarily Unavailable, delaying for: 13.362587s
WARNING: preview application http://nodey412.**-*********-nodey412-pr-4.35.241.156.77.nip.io not available, error was 503 503 Service Temporarily Unavailable, delaying for: 35.381810267s
WARNING: preview application http://nodey412.**-*********-nodey412-pr-4.35.241.156.77.nip.io not available, error was 503 503 Service Temporarily Unavailable, delaying for: 22.968162605s
WARNING: preview application http://nodey412.**-*********-nodey412-pr-4.35.241.156.77.nip.io not available, error was 503 503 Service Temporarily Unavailable, delaying for: 41.650847445s
WARNING: preview application http://nodey412.**-*********-nodey412-pr-4.35.241.156.77.nip.io not available, error was 503 503 Service Temporarily Unavailable, delaying for: 48.691346658s
WARNING: preview application http://nodey412.**-*********-nodey412-pr-4.35.241.156.77.nip.io not available, error was 503 503 Service Temporarily Unavailable, delaying for: 1m18.063302559s
WARNING: preview application http://nodey412.**-*********-nodey412-pr-4.35.241.156.77.nip.io not available, error was 503 503 Service Temporarily Unavailable, delaying for: 55.701424908s
error: error checking if preview application http://nodey412.**-*********-nodey412-pr-4.35.241.156.77.nip.io is available: preview application http://nodey412.**-*********-nodey412-pr-4.35.241.156.77.nip.io not available, error was 503 503 Service Temporarily Unavailable
[31m
Pipeline failed on stage 'from-build-pack' : container 'step-promote-jx-preview'. The execution of the pipeline has stopped.[0m
