
Showing logs for build [32mjstrachan-nodey412-pr-4-pr-buil-vvzlk-2[0m stage [32mfrom-build-pack[0m and container [32mstep-credential-initializer-zth8b[0m
{"level":"warn","ts":1580889238.8865254,"logger":"fallback-logger","caller":"logging/config.go:69","msg":"Fetch GitHub commit ID from kodata failed: \"ref: refs/heads/0.8.0-**-support-backwards-incompats\" is not a valid GitHub commit ID"}
{"level":"info","ts":1580889238.8871152,"logger":"fallback-logger","caller":"creds-init/main.go:40","msg":"Credentials initialized."}

Showing logs for build [32mjstrachan-nodey412-pr-4-pr-buil-vvzlk-2[0m stage [32mfrom-build-pack[0m and container [32mstep-working-dir-initializer-kmgzv[0m
{"level":"warn","ts":1580889239.8728535,"logger":"fallback-logger","caller":"logging/config.go:69","msg":"Fetch GitHub commit ID from kodata failed: open /var/run/ko/HEAD: no such file or directory"}
{"level":"info","ts":1580889239.874256,"logger":"fallback-logger","caller":"bash/main.go:64","msg":"Successfully executed command \"sh -c mkdir -p /workspace/source\"; output "}

Showing logs for build [32mjstrachan-nodey412-pr-4-pr-buil-vvzlk-2[0m stage [32mfrom-build-pack[0m and container [32mstep-place-tools[0m

Showing logs for build [32mjstrachan-nodey412-pr-4-pr-buil-vvzlk-2[0m stage [32mfrom-build-pack[0m and container [32mstep-git-source-jstrachan-nodey412-pr-4-pr-buil-vvzlk-zqdrs[0m
{"level":"warn","ts":1580889246.014318,"logger":"fallback-logger","caller":"logging/config.go:69","msg":"Fetch GitHub commit ID from kodata failed: \"ref: refs/heads/0.8.0-**-support-backwards-incompats\" is not a valid GitHub commit ID"}
{"level":"info","ts":1580889247.1416976,"logger":"fallback-logger","caller":"git/git.go:103","msg":"Successfully cloned https://github.com/*********/nodey412.git @ master in path /workspace/source"}

Showing logs for build [32mjstrachan-nodey412-pr-4-pr-buil-vvzlk-2[0m stage [32mfrom-build-pack[0m and container [32mstep-git-merge[0m
Using SHAs from PULL_REFS=master:d2a5c0958054d39ee6598d096b9cdfbc0f3fd8ff,4:d54e5bfaa3cb88c9a2158c467ccd970c0e1a66ec
DEBUG: LC_ALL=C JX_LOG_LEVEL=error git fetch origin --unshallow d54e5bfaa3cb88c9a2158c467ccd970c0e1a66ec: d2a5c0958054d39ee6598d096b9cdfbc0f3fd8ff:
DEBUG: ran git fetch --unshallow origin d54e5bfaa3cb88c9a2158c467ccd970c0e1a66ec: d2a5c0958054d39ee6598d096b9cdfbc0f3fd8ff: in 
DEBUG: LC_ALL=C JX_LOG_LEVEL=error git branch
DEBUG: JX_LOG_LEVEL=error LC_ALL=C git checkout master
DEBUG: ran git checkout master in 
DEBUG: LC_ALL=C JX_LOG_LEVEL=error git reset --hard d2a5c0958054d39ee6598d096b9cdfbc0f3fd8ff
DEBUG: ran git reset --hard d2a5c0958054d39ee6598d096b9cdfbc0f3fd8ff in 
DEBUG: LC_ALL=C JX_LOG_LEVEL=error git clean -fd .
DEBUG: ran clean --force -d . in 
DEBUG: JX_LOG_LEVEL=error LC_ALL=C git merge d54e5bfaa3cb88c9a2158c467ccd970c0e1a66ec
DEBUG: ran git merge d54e5bfaa3cb88c9a2158c467ccd970c0e1a66ec in 
DEBUG: JX_LOG_LEVEL=error LC_ALL=C git log --format=%H%x1f%an%x1f%ae%x1f%cn%x1f%ce%x1f%s%n%b%x1e d2a5c0958054d39ee6598d096b9cdfbc0f3fd8ff..HEAD
Merged SHA d54e5bfaa3cb88c9a2158c467ccd970c0e1a66ec with commit message 'fix: try image tag' into base branch master
Merged SHA 9e138c383df2300ce663f24af0eb756766b6b3e6 with commit message 'Update index.html' into base branch master

Showing logs for build [32mjstrachan-nodey412-pr-4-pr-buil-vvzlk-2[0m stage [32mfrom-build-pack[0m and container [32mstep-build-npmrc[0m
Command "credential" is deprecated, it will be removed on Jun 1 2020.  This is replaced by Tekton's mounted secrets
WARNING: failed to find Secret npm-token in namespace **

Showing logs for build [32mjstrachan-nodey412-pr-4-pr-buil-vvzlk-2[0m stage [32mfrom-build-pack[0m and container [32mstep-build-npm-install[0m
npm notice created a lockfile as package-lock.json. You should commit this file.
npm WARN REPLACE_ME@1.0.0 No repository field.
npm WARN REPLACE_ME@1.0.0 No license field.

up to date in 0.4s
found 0 vulnerabilities


Showing logs for build [32mjstrachan-nodey412-pr-4-pr-buil-vvzlk-2[0m stage [32mfrom-build-pack[0m and container [32mstep-build-npm-test[0m

> REPLACE_ME@1.0.0 test /workspace/source
> echo "no test specified" && exit 0

no test specified

Showing logs for build [32mjstrachan-nodey412-pr-4-pr-buil-vvzlk-2[0m stage [32mfrom-build-pack[0m and container [32mstep-build-container-build[0m
ERROR: logging before flag.Parse: E0205 07:54:14.176200      11 metadata.go:241] Failed to unmarshal scopes: invalid character 'h' looking for beginning of value
[36mINFO[0m[0000] Downloading base image node:9-slim           
ERROR: logging before flag.Parse: E0205 07:54:14.185934      11 metadata.go:142] while reading 'google-dockercfg' metadata: http status code: 404 while fetching url http://metadata.google.internal./computeMetadata/v1/instance/attributes/google-dockercfg
ERROR: logging before flag.Parse: E0205 07:54:14.369007      11 metadata.go:159] while reading 'google-dockercfg-url' metadata: http status code: 404 while fetching url http://metadata.google.internal./computeMetadata/v1/instance/attributes/google-dockercfg-url
2020/02/05 07:54:14 No matching credentials were found, falling back on anonymous
[36mINFO[0m[0002] Error while retrieving image from cache: getting file info: stat /workspace/sha256:0e0175bbe4f8d9d104590d8d2c591017874e30977cb71aaff1cf6fa99479575c: no such file or directory 
[36mINFO[0m[0002] Downloading base image node:9-slim           
2020/02/05 07:54:15 No matching credentials were found, falling back on anonymous
[36mINFO[0m[0003] Executing 0 build triggers                   
[36mINFO[0m[0003] cmd: EXPOSE                                  
[36mINFO[0m[0003] Adding exposed port: 8080/tcp                
[36mINFO[0m[0003] Using files from context: [/workspace/source] 
[36mINFO[0m[0003] Skipping unpacking as no commands require it. 
[36mINFO[0m[0003] Taking snapshot of full filesystem...        
[36mINFO[0m[0003] ENV PORT 8080                                
[36mINFO[0m[0003] No files changed in this command, skipping snapshotting. 
[36mINFO[0m[0003] EXPOSE 8080                                  
[36mINFO[0m[0003] cmd: EXPOSE                                  
[36mINFO[0m[0003] Adding exposed port: 8080/tcp                
[36mINFO[0m[0003] No files changed in this command, skipping snapshotting. 
[36mINFO[0m[0003] WORKDIR /usr/src/app                         
[36mINFO[0m[0003] cmd: workdir                                 
[36mINFO[0m[0003] Changed working directory to /usr/src/app    
[36mINFO[0m[0003] Creating directory /usr/src/app              
[36mINFO[0m[0003] Taking snapshot of files...                  
[36mINFO[0m[0003] Using files from context: [/workspace/source] 
[36mINFO[0m[0003] COPY . .                                     
[36mINFO[0m[0003] Taking snapshot of files...                  
[36mINFO[0m[0003] CMD ["npm", "start"]                         
[36mINFO[0m[0003] No files changed in this command, skipping snapshotting. 
2020/02/05 07:54:16 existing blob: sha256:a88538b9cd05cfa611e43a25582a95ad7879f6fa708b0386a26b71ee62235bb3
2020/02/05 07:54:16 existing blob: sha256:e01bd28a434b56ffd2a3fe9aa99b9b69aecca69904843edd30b1ee7150d79904
2020/02/05 07:54:16 existing blob: sha256:196b8e3c919d5639193ba6c6e54774528942041bbc37606631a2250502985c3c
2020/02/05 07:54:16 existing blob: sha256:7d083412657baa2dafba8d093034ef26f9ed2c90fb6ed95f76bb55aff03ed429
2020/02/05 07:54:16 existing blob: sha256:5bba3ecb4cd6374a19da45f2a3db0a9c0804984358b3bb4b666c28944016e5ff
2020/02/05 07:54:19 pushed blob: sha256:8e39e0c003126350804854d8a642eada81d2af37e6cc71e0a184103b14cf762d
2020/02/05 07:54:19 pushed blob: sha256:f6b63ecd9aae2511a93b5725da5adfc72c82ec01b7c679a9e6a0d073f18fb2d5
2020/02/05 07:54:19 pushed blob: sha256:1b6e5e21eb7aac4613e8256cf8b787d289199b0bd39566ca3913b4078a7d7d1f
2020/02/05 07:54:21 gcr.io/*********-multicluster/nodey412:0.0.0-SNAPSHOT-PR-4-2: digest: sha256:f5bebe319af88aed15fcb02eafc1b2fe50a45e9e1aee77f60ca021c8ef97caf3 size: 1404

Showing logs for build [32mjstrachan-nodey412-pr-4-pr-buil-vvzlk-2[0m stage [32mfrom-build-pack[0m and container [32mstep-postbuild-post-build[0m
no CVE provider running in the current ** namespace so skip adding image to be analysed

Showing logs for build [32mjstrachan-nodey412-pr-4-pr-buil-vvzlk-2[0m stage [32mfrom-build-pack[0m and container [32mstep-promote-make-preview[0m
sed -i -e "s/version:.*/version: 0.0.0-SNAPSHOT-PR-4-2/" Chart.yaml
sed -i -e "s/version:.*/version: 0.0.0-SNAPSHOT-PR-4-2/" ../*/Chart.yaml
sed -i -e "s|repository:.*|repository: \/*********-multicluster\/nodey412|" values.yaml
sed -i -e "s/tag:.*/tag: 0.0.0-SNAPSHOT-PR-4-2/" values.yaml
echo "  version: 0.0.0-SNAPSHOT-PR-4-2" >> requirements.yaml
** step helm build
WARNING: No $CHART_REPOSITORY defined so using the default value of: http://jenkins-x-chartmuseum:8080
Adding missing Helm repo: storage.googleapis.com https://storage.googleapis.com/chartmuseum.jenkins-x.io
Successfully added Helm repository storage.googleapis.com.
Adding missing Helm repo: jenkins-x-chartmuseum http://jenkins-x-chartmuseum:8080
Successfully added Helm repository jenkins-x-chartmuseum.
WARNING: No $CHART_REPOSITORY defined so using the default value of: http://jenkins-x-chartmuseum:8080
Adding missing Helm repo: chartmuseum.jenkins-x.io http://chartmuseum.jenkins-x.io
Successfully added Helm repository chartmuseum.jenkins-x.io.

Showing logs for build [32mjstrachan-nodey412-pr-4-pr-buil-vvzlk-2[0m stage [32mfrom-build-pack[0m and container [32mstep-promote-jx-preview[0m
Creating a preview
Found commit author match for: ********* with email address: james.strachan@gmail.com
expose:
  Annotations:
    helm.sh/hook: post-install,post-upgrade
    helm.sh/hook-delete-policy: hook-succeeded
  config:
    domain: 35.241.156.77.nip.io
    exposer: Ingress
    http: "true"
preview:
  image:
    repository: gcr.io/*********-multicluster/nodey412
    tag: 0.0.0-SNAPSHOT-PR-4-2
Cloning the Jenkins X versions repo https://github.com/*********/jenkins-x-versions.git with ref refs/heads/master to /builder/home/.**/jenkins-x-versions

Updating PipelineActivities *********-nodey412-pr-4-2 which has status Running
WARNING: preview application http://nodey412.**-*********-nodey412-pr-4.35.241.156.77.nip.io not available, error was 503 503 Service Temporarily Unavailable, delaying for: 1.252573036s
WARNING: preview application http://nodey412.**-*********-nodey412-pr-4.35.241.156.77.nip.io not available, error was 503 503 Service Temporarily Unavailable, delaying for: 1.795078749s
WARNING: preview application http://nodey412.**-*********-nodey412-pr-4.35.241.156.77.nip.io not available, error was 503 503 Service Temporarily Unavailable, delaying for: 1.481238625s
WARNING: preview application http://nodey412.**-*********-nodey412-pr-4.35.241.156.77.nip.io not available, error was 503 503 Service Temporarily Unavailable, delaying for: 1.955655978s
WARNING: preview application http://nodey412.**-*********-nodey412-pr-4.35.241.156.77.nip.io not available, error was 503 503 Service Temporarily Unavailable, delaying for: 6.034624474s
WARNING: preview application http://nodey412.**-*********-nodey412-pr-4.35.241.156.77.nip.io not available, error was 503 503 Service Temporarily Unavailable, delaying for: 7.905852024s
WARNING: preview application http://nodey412.**-*********-nodey412-pr-4.35.241.156.77.nip.io not available, error was 503 503 Service Temporarily Unavailable, delaying for: 10.515280546s
WARNING: preview application http://nodey412.**-*********-nodey412-pr-4.35.241.156.77.nip.io not available, error was 503 503 Service Temporarily Unavailable, delaying for: 13.362587s
WARNING: preview application http://nodey412.**-*********-nodey412-pr-4.35.241.156.77.nip.io not available, error was 503 503 Service Temporarily Unavailable, delaying for: 35.381810267s
WARNING: preview application http://nodey412.**-*********-nodey412-pr-4.35.241.156.77.nip.io not available, error was 503 503 Service Temporarily Unavailable, delaying for: 22.968162605s
WARNING: preview application http://nodey412.**-*********-nodey412-pr-4.35.241.156.77.nip.io not available, error was 503 503 Service Temporarily Unavailable, delaying for: 41.650847445s
WARNING: preview application http://nodey412.**-*********-nodey412-pr-4.35.241.156.77.nip.io not available, error was 503 503 Service Temporarily Unavailable, delaying for: 48.691346658s
WARNING: preview application http://nodey412.**-*********-nodey412-pr-4.35.241.156.77.nip.io not available, error was 503 503 Service Temporarily Unavailable, delaying for: 1m18.063302559s
Preview application is now available at: http://nodey412.**-*********-nodey412-pr-4.35.241.156.77.nip.io
WARNING: Failed to find the service nodey412 : failed to find service nodey412 in namespace **-*********-nodey412-pr-4: services "nodey412" not found
