
Showing logs for build [32mmeta-jstrachan-nodey412-pr-4-pr-mljbd-4[0m stage [32mfrom-build-pack[0m and container [32mstep-credential-initializer-vnqtd[0m
{"level":"warn","ts":1580891331.1909125,"logger":"fallback-logger","caller":"logging/config.go:69","msg":"Fetch GitHub commit ID from kodata failed: \"ref: refs/heads/0.8.0-**-support-backwards-incompats\" is not a valid GitHub commit ID"}
{"level":"info","ts":1580891331.191753,"logger":"fallback-logger","caller":"creds-init/main.go:40","msg":"Credentials initialized."}

Showing logs for build [32mmeta-jstrachan-nodey412-pr-4-pr-mljbd-4[0m stage [32mfrom-build-pack[0m and container [32mstep-working-dir-initializer-9r5s8[0m
{"level":"warn","ts":1580891332.1621182,"logger":"fallback-logger","caller":"logging/config.go:69","msg":"Fetch GitHub commit ID from kodata failed: open /var/run/ko/HEAD: no such file or directory"}
{"level":"info","ts":1580891332.163561,"logger":"fallback-logger","caller":"bash/main.go:64","msg":"Successfully executed command \"sh -c mkdir -p /workspace/source\"; output "}

Showing logs for build [32mmeta-jstrachan-nodey412-pr-4-pr-mljbd-4[0m stage [32mfrom-build-pack[0m and container [32mstep-place-tools[0m

Showing logs for build [32mmeta-jstrachan-nodey412-pr-4-pr-mljbd-4[0m stage [32mfrom-build-pack[0m and container [32mstep-git-source-jstrachan-nodey412-pr-4-pr-buil-8w6rs-wpnfd[0m
{"level":"warn","ts":1580891338.3620262,"logger":"fallback-logger","caller":"logging/config.go:69","msg":"Fetch GitHub commit ID from kodata failed: \"ref: refs/heads/0.8.0-**-support-backwards-incompats\" is not a valid GitHub commit ID"}
{"level":"info","ts":1580891339.554065,"logger":"fallback-logger","caller":"git/git.go:103","msg":"Successfully cloned https://github.com/*********/nodey412.git @ master in path /workspace/source"}

Showing logs for build [32mmeta-jstrachan-nodey412-pr-4-pr-mljbd-4[0m stage [32mfrom-build-pack[0m and container [32mstep-git-merge[0m
Using SHAs from PULL_REFS=master:d2a5c0958054d39ee6598d096b9cdfbc0f3fd8ff,4:fab6af29e88708727b5cbbc90097cc5fac283967
DEBUG: LC_ALL=C JX_LOG_LEVEL=error git fetch origin --unshallow fab6af29e88708727b5cbbc90097cc5fac283967: d2a5c0958054d39ee6598d096b9cdfbc0f3fd8ff:
DEBUG: ran git fetch --unshallow origin fab6af29e88708727b5cbbc90097cc5fac283967: d2a5c0958054d39ee6598d096b9cdfbc0f3fd8ff: in 
DEBUG: LC_ALL=C JX_LOG_LEVEL=error git branch
DEBUG: JX_LOG_LEVEL=error LC_ALL=C git checkout master
DEBUG: ran git checkout master in 
DEBUG: LC_ALL=C JX_LOG_LEVEL=error git reset --hard d2a5c0958054d39ee6598d096b9cdfbc0f3fd8ff
DEBUG: ran git reset --hard d2a5c0958054d39ee6598d096b9cdfbc0f3fd8ff in 
DEBUG: LC_ALL=C JX_LOG_LEVEL=error git clean -fd .
DEBUG: ran clean --force -d . in 
DEBUG: LC_ALL=C JX_LOG_LEVEL=error git merge fab6af29e88708727b5cbbc90097cc5fac283967
DEBUG: ran git merge fab6af29e88708727b5cbbc90097cc5fac283967 in 
DEBUG: LC_ALL=C JX_LOG_LEVEL=error git log --format=%H%x1f%an%x1f%ae%x1f%cn%x1f%ce%x1f%s%n%b%x1e d2a5c0958054d39ee6598d096b9cdfbc0f3fd8ff..HEAD
Merged SHA fab6af29e88708727b5cbbc90097cc5fac283967 with commit message 'Update index.html' into base branch master
Merged SHA 271dd89c6aac16d70f604ebb521d26414ce706f0 with commit message 'try image tag fix' into base branch master
Merged SHA d54e5bfaa3cb88c9a2158c467ccd970c0e1a66ec with commit message 'fix: try image tag' into base branch master
Merged SHA 9e138c383df2300ce663f24af0eb756766b6b3e6 with commit message 'Update index.html' into base branch master

Showing logs for build [32mmeta-jstrachan-nodey412-pr-4-pr-mljbd-4[0m stage [32mfrom-build-pack[0m and container [32mstep-build-npmrc[0m
Command "credential" is deprecated, it will be removed on Jun 1 2020.  This is replaced by Tekton's mounted secrets
WARNING: failed to find Secret npm-token in namespace **

Showing logs for build [32mmeta-jstrachan-nodey412-pr-4-pr-mljbd-4[0m stage [32mfrom-build-pack[0m and container [32mstep-build-npm-install[0m
npm notice created a lockfile as package-lock.json. You should commit this file.
npm WARN REPLACE_ME@1.0.0 No repository field.
npm WARN REPLACE_ME@1.0.0 No license field.

up to date in 0.363s
found 0 vulnerabilities


Showing logs for build [32mmeta-jstrachan-nodey412-pr-4-pr-mljbd-4[0m stage [32mfrom-build-pack[0m and container [32mstep-build-npm-test[0m

> REPLACE_ME@1.0.0 test /workspace/source
> echo "no test specified" && exit 0

no test specified

Showing logs for build [32mmeta-jstrachan-nodey412-pr-4-pr-mljbd-4[0m stage [32mfrom-build-pack[0m and container [32mstep-build-container-build[0m
ERROR: logging before flag.Parse: E0205 08:29:06.374704      10 metadata.go:241] Failed to unmarshal scopes: invalid character 'h' looking for beginning of value
[36mINFO[0m[0000] Downloading base image node:9-slim           
ERROR: logging before flag.Parse: E0205 08:29:06.384785      10 metadata.go:142] while reading 'google-dockercfg' metadata: http status code: 404 while fetching url http://metadata.google.internal./computeMetadata/v1/instance/attributes/google-dockercfg
ERROR: logging before flag.Parse: E0205 08:29:06.469302      10 metadata.go:159] while reading 'google-dockercfg-url' metadata: http status code: 404 while fetching url http://metadata.google.internal./computeMetadata/v1/instance/attributes/google-dockercfg-url
2020/02/05 08:29:06 No matching credentials were found, falling back on anonymous
[36mINFO[0m[0001] Error while retrieving image from cache: getting file info: stat /workspace/sha256:0e0175bbe4f8d9d104590d8d2c591017874e30977cb71aaff1cf6fa99479575c: no such file or directory 
[36mINFO[0m[0001] Downloading base image node:9-slim           
2020/02/05 08:29:07 No matching credentials were found, falling back on anonymous
[36mINFO[0m[0002] Executing 0 build triggers                   
[36mINFO[0m[0002] cmd: EXPOSE                                  
[36mINFO[0m[0002] Adding exposed port: 8080/tcp                
[36mINFO[0m[0002] Using files from context: [/workspace/source] 
[36mINFO[0m[0002] Skipping unpacking as no commands require it. 
[36mINFO[0m[0002] Taking snapshot of full filesystem...        
[36mINFO[0m[0002] ENV PORT 8080                                
[36mINFO[0m[0002] No files changed in this command, skipping snapshotting. 
[36mINFO[0m[0002] EXPOSE 8080                                  
[36mINFO[0m[0002] cmd: EXPOSE                                  
[36mINFO[0m[0002] Adding exposed port: 8080/tcp                
[36mINFO[0m[0002] No files changed in this command, skipping snapshotting. 
[36mINFO[0m[0002] WORKDIR /usr/src/app                         
[36mINFO[0m[0002] cmd: workdir                                 
[36mINFO[0m[0002] Changed working directory to /usr/src/app    
[36mINFO[0m[0002] Creating directory /usr/src/app              
[36mINFO[0m[0002] Taking snapshot of files...                  
[36mINFO[0m[0002] Using files from context: [/workspace/source] 
[36mINFO[0m[0002] COPY . .                                     
[36mINFO[0m[0002] Taking snapshot of files...                  
[36mINFO[0m[0002] CMD ["npm", "start"]                         
[36mINFO[0m[0002] No files changed in this command, skipping snapshotting. 
2020/02/05 08:29:08 existing blob: sha256:a88538b9cd05cfa611e43a25582a95ad7879f6fa708b0386a26b71ee62235bb3
2020/02/05 08:29:08 existing blob: sha256:e01bd28a434b56ffd2a3fe9aa99b9b69aecca69904843edd30b1ee7150d79904
2020/02/05 08:29:08 existing blob: sha256:196b8e3c919d5639193ba6c6e54774528942041bbc37606631a2250502985c3c
2020/02/05 08:29:08 existing blob: sha256:7d083412657baa2dafba8d093034ef26f9ed2c90fb6ed95f76bb55aff03ed429
2020/02/05 08:29:08 existing blob: sha256:5bba3ecb4cd6374a19da45f2a3db0a9c0804984358b3bb4b666c28944016e5ff
2020/02/05 08:29:11 pushed blob: sha256:f7d0d5e84be5c046f5f78b274c865cfbb24b0e8d398fa69d47c6c775438a32e7
2020/02/05 08:29:11 pushed blob: sha256:366f7d9ce5d97cf684db52798fcc8b70a401b5b31174503f9b68c91aa62e94fd
2020/02/05 08:29:11 pushed blob: sha256:e1654b33d57531d94041c02519c4a1f2c56ee9750fc23b514dbf586a25bc3e34
2020/02/05 08:29:13 gcr.io/*********-multicluster/nodey412:0.0.0-SNAPSHOT-PR-4-4: digest: sha256:7983cf3772107a60508c9289b3b896d8566c7c67de726c428a19e2df2f20fc95 size: 1404

Showing logs for build [32mmeta-jstrachan-nodey412-pr-4-pr-mljbd-4[0m stage [32mfrom-build-pack[0m and container [32mstep-postbuild-post-build[0m
no CVE provider running in the current ** namespace so skip adding image to be analysed

Showing logs for build [32mmeta-jstrachan-nodey412-pr-4-pr-mljbd-4[0m stage [32mfrom-build-pack[0m and container [32mstep-promote-make-preview[0m
sed -i -e "s/version:.*/version: 0.0.0-SNAPSHOT-PR-4-4/" Chart.yaml
sed -i -e "s/version:.*/version: 0.0.0-SNAPSHOT-PR-4-4/" ../*/Chart.yaml
sed -i -e "s|repository:.*|repository: \/*********-multicluster\/nodey412|" values.yaml
sed -i -e "s/tag:.*/tag: 0.0.0-SNAPSHOT-PR-4-4/" values.yaml
echo "  version: 0.0.0-SNAPSHOT-PR-4-4" >> requirements.yaml
** step helm build
WARNING: failed to get the requirements from team settings: validation failures in requirements from team settings:
(root): Additional property helmBinary is not allowed
WARNING: No $CHART_REPOSITORY defined so using the default value of: http://jenkins-x-chartmuseum:8080
Adding missing Helm repo: storage.googleapis.com https://storage.googleapis.com/chartmuseum.jenkins-x.io
Successfully added Helm repository storage.googleapis.com.
Adding missing Helm repo: jenkins-x-chartmuseum http://jenkins-x-chartmuseum:8080
Successfully added Helm repository jenkins-x-chartmuseum.
WARNING: failed to get the requirements from team settings: validation failures in requirements from team settings:
(root): Additional property helmBinary is not allowed
WARNING: No $CHART_REPOSITORY defined so using the default value of: http://jenkins-x-chartmuseum:8080
Adding missing Helm repo: chartmuseum.jenkins-x.io http://chartmuseum.jenkins-x.io
Successfully added Helm repository chartmuseum.jenkins-x.io.

Showing logs for build [32mmeta-jstrachan-nodey412-pr-4-pr-mljbd-4[0m stage [32mfrom-build-pack[0m and container [32mstep-promote-jx-preview[0m
Creating a preview
error: error getting Requirements from TeamSettings to determine if in GitHub app mode: validation failures in requirements from team settings:
(root): Additional property helmBinary is not allowed
[31m
Pipeline failed on stage 'from-build-pack' : container 'step-promote-jx-preview'. The execution of the pipeline has stopped.[0m
